2025-02-04 03:17:23.266: [INFO] VisibilityChanged: 0
2025-02-04 03:17:23.321: [INFO] RecordSyncInitDurationhas_sync_been_enabled: 0 state: 0
2025-02-04 03:17:23.322: [INFO] RecordSyncInitDurationhas_sync_been_enabled: 0 state: 0
2025-02-04 03:17:23.323: [INFO] RecordSyncInitDurationhas_sync_been_enabled: 0 state: 0
2025-02-04 03:17:23.323: [INFO] RecordSyncInitDurationhas_sync_been_enabled: 0 state: 0
2025-02-04 03:17:23.324: [INFO] RecordSyncInitDurationhas_sync_been_enabled: 0 state: 0
2025-02-04 03:17:23.325: [INFO] RecordSyncInitDurationhas_sync_been_enabled: 0 state: 0
2025-02-04 03:17:23.325: [INFO] RecordSyncInitDurationhas_sync_been_enabled: 0 state: 0
2025-02-04 03:17:23.326: [INFO] RecordSyncInitDurationhas_sync_been_enabled: 0 state: 0
2025-02-04 03:17:23.326: [INFO] RecordSyncInitDurationhas_sync_been_enabled: 0 state: 0
2025-02-04 03:17:23.327: [INFO] RecordSyncInitDurationhas_sync_been_enabled: 0 state: 0
2025-02-04 03:17:23.328: [INFO] RecordSyncInitDurationhas_sync_been_enabled: 0 state: 0
2025-02-04 03:17:23.355: [INFO] BookmarkModelLoaded, ids_reassigned: 0
2025-02-04 03:17:23.356: [INFO] BookmarkNodeAdded, ABU: 0
2025-02-04 03:17:23.356: [INFO] BookmarkNodeAdded, ABU: 0
2025-02-04 03:17:23.356: [INFO] BookmarkNodeAdded, ABU: 0
2025-02-04 03:17:23.356: [INFO] BookmarkNodeAdded, ABU: 0
2025-02-04 03:17:23.357: [INFO] BookmarkNodeAdded, ABU: 0
2025-02-04 03:17:23.357: [INFO] OnDoneLoading sync enabled: 0
2025-02-04 03:17:23.388: [INFO] RecordSyncInitDurationhas_sync_been_enabled: 0 state: 0
2025-02-04 03:17:23.516: [INFO] Primary account changed.
2025-02-04 03:17:23.516: [INFO] OnPrimaryAccountChangedPrimaryAccountChangeEvent::Type::kSet
2025-02-04 03:17:23.519: [INFO] RecordSyncInitDurationhas_sync_been_enabled: 0 state: 3
2025-02-04 03:17:23.522: [INFO] RecordSyncInitDurationhas_sync_been_enabled: 0 state: 3
2025-02-04 03:17:23.726: [INFO] RecordSyncInitDurationhas_sync_been_enabled: 0 state: 3
2025-02-04 03:17:30.093: [INFO] VisibilityChanged: 1
2025-02-04 03:17:31.099: [INFO] BookmarkNodeAdded, ABU: 0
2025-02-04 03:17:31.099: [INFO] BookmarkNodeAdded, ABU: 0
2025-02-04 03:17:31.100: [INFO] BookmarkNodeAdded, ABU: 0
2025-02-04 03:17:31.100: [INFO] BookmarkNodeAdded, ABU: 0
2025-02-04 03:17:31.101: [INFO] BookmarkNodeAdded, ABU: 0
2025-02-04 03:17:31.102: [INFO] BookmarkNodeAdded, ABU: 0
2025-02-04 03:17:31.103: [INFO] BookmarkNodeAdded, ABU: 0
2025-02-04 03:17:31.103: [INFO] BookmarkNodeAdded, ABU: 0
2025-02-04 03:17:31.104: [INFO] BookmarkNodeAdded, ABU: 0
2025-02-04 03:17:31.104: [INFO] BookmarkNodeAdded, ABU: 0
2025-02-04 03:17:31.105: [INFO] BookmarkNodeAdded, ABU: 0
2025-02-04 03:17:31.106: [INFO] BookmarkNodeAdded, ABU: 0
2025-02-04 03:17:31.107: [INFO] BookmarkNodeAdded, ABU: 0
2025-02-04 03:17:31.107: [INFO] BookmarkNodeAdded, ABU: 0
2025-02-04 03:17:31.108: [INFO] BookmarkNodeAdded, ABU: 0
2025-02-04 03:17:31.108: [INFO] BookmarkNodeAdded, ABU: 0
2025-02-04 03:17:31.109: [INFO] BookmarkNodeAdded, ABU: 0
2025-02-04 03:17:31.110: [INFO] BookmarkNodeAdded, ABU: 0
2025-02-04 03:17:31.110: [INFO] BookmarkNodeAdded, ABU: 0
2025-02-04 03:17:31.111: [INFO] BookmarkNodeAdded, ABU: 0
2025-02-04 03:17:31.111: [INFO] BookmarkNodeAdded, ABU: 0
2025-02-04 03:17:31.112: [INFO] BookmarkNodeAdded, ABU: 0
2025-02-04 03:17:31.113: [INFO] BookmarkNodeAdded, ABU: 0
2025-02-04 03:17:31.113: [INFO] BookmarkNodeAdded, ABU: 0
2025-02-04 03:17:31.114: [INFO] BookmarkNodeAdded, ABU: 0
2025-02-04 03:17:31.115: [INFO] BookmarkNodeAdded, ABU: 0
2025-02-04 03:17:31.115: [INFO] BookmarkNodeAdded, ABU: 0
2025-02-04 03:17:31.116: [INFO] BookmarkNodeAdded, ABU: 0
2025-02-04 03:17:31.116: [INFO] BookmarkNodeAdded, ABU: 0
2025-02-04 03:17:31.117: [INFO] BookmarkNodeAdded, ABU: 0
2025-02-04 03:17:31.118: [INFO] BookmarkNodeAdded, ABU: 0
2025-02-04 03:17:31.119: [INFO] BookmarkNodeAdded, ABU: 0
2025-02-04 03:17:31.119: [INFO] BookmarkNodeAdded, ABU: 0
2025-02-04 03:17:31.120: [INFO] BookmarkNodeAdded, ABU: 0
2025-02-04 03:17:31.121: [INFO] BookmarkNodeAdded, ABU: 0
2025-02-04 03:17:31.121: [INFO] BookmarkNodeAdded, ABU: 0
2025-02-04 03:17:31.122: [INFO] BookmarkNodeAdded, ABU: 0
2025-02-04 03:17:31.123: [INFO] BookmarkNodeAdded, ABU: 0
2025-02-04 03:17:31.124: [INFO] BookmarkNodeAdded, ABU: 0
2025-02-04 03:17:31.125: [INFO] BookmarkNodeAdded, ABU: 0
2025-02-04 03:17:31.125: [INFO] BookmarkNodeAdded, ABU: 0
2025-02-04 03:17:31.126: [INFO] BookmarkNodeAdded, ABU: 0
2025-02-04 03:17:31.127: [INFO] BookmarkNodeAdded, ABU: 0
2025-02-04 03:17:31.127: [INFO] BookmarkNodeAdded, ABU: 0
2025-02-04 03:17:31.128: [INFO] BookmarkNodeAdded, ABU: 0
2025-02-04 03:17:31.129: [INFO] BookmarkNodeAdded, ABU: 0
2025-02-04 03:17:31.130: [INFO] BookmarkNodeAdded, ABU: 0
2025-02-04 03:17:31.130: [INFO] BookmarkNodeAdded, ABU: 0
2025-02-04 03:17:31.131: [INFO] BookmarkNodeAdded, ABU: 0
2025-02-04 03:17:31.132: [INFO] BookmarkNodeAdded, ABU: 0
2025-02-04 03:17:31.133: [INFO] BookmarkNodeAdded, ABU: 0
2025-02-04 03:17:31.133: [INFO] BookmarkNodeAdded, ABU: 0
2025-02-04 03:17:31.134: [INFO] BookmarkNodeAdded, ABU: 0
2025-02-04 03:17:31.135: [INFO] BookmarkNodeAdded, ABU: 0
2025-02-04 03:17:31.136: [INFO] BookmarkNodeAdded, ABU: 0
2025-02-04 03:17:31.137: [INFO] BookmarkNodeAdded, ABU: 0
2025-02-04 03:17:31.138: [INFO] BookmarkNodeAdded, ABU: 0
2025-02-04 03:17:31.139: [INFO] BookmarkNodeAdded, ABU: 0
2025-02-04 03:17:31.140: [INFO] BookmarkNodeAdded, ABU: 0
2025-02-04 03:17:31.140: [INFO] BookmarkNodeAdded, ABU: 0
2025-02-04 03:17:31.141: [INFO] BookmarkNodeAdded, ABU: 0
2025-02-04 03:17:31.142: [INFO] BookmarkNodeAdded, ABU: 0
2025-02-04 03:17:31.143: [INFO] BookmarkNodeAdded, ABU: 0
2025-02-04 03:17:31.143: [INFO] BookmarkNodeAdded, ABU: 0
2025-02-04 03:17:31.144: [INFO] BookmarkNodeAdded, ABU: 0
2025-02-04 03:17:31.145: [INFO] BookmarkNodeAdded, ABU: 0
2025-02-04 03:17:31.146: [INFO] BookmarkNodeAdded, ABU: 0
2025-02-04 03:17:31.147: [INFO] BookmarkNodeAdded, ABU: 0
2025-02-04 03:17:31.148: [INFO] BookmarkNodeAdded, ABU: 0
2025-02-04 03:17:31.148: [INFO] BookmarkNodeAdded, ABU: 0
2025-02-04 03:17:31.149: [INFO] BookmarkNodeAdded, ABU: 0
2025-02-04 03:17:31.150: [INFO] BookmarkNodeAdded, ABU: 0
2025-02-04 03:17:31.151: [INFO] BookmarkNodeAdded, ABU: 0
2025-02-04 03:17:31.151: [INFO] BookmarkNodeAdded, ABU: 0
2025-02-04 03:17:31.152: [INFO] BookmarkNodeAdded, ABU: 0
2025-02-04 03:17:31.153: [INFO] BookmarkNodeAdded, ABU: 0
2025-02-04 03:17:31.154: [INFO] BookmarkNodeAdded, ABU: 0
2025-02-04 03:17:31.155: [INFO] BookmarkNodeAdded, ABU: 0
2025-02-04 03:17:31.156: [INFO] BookmarkNodeAdded, ABU: 0
2025-02-04 03:17:31.157: [INFO] BookmarkNodeAdded, ABU: 0
2025-02-04 03:17:31.158: [INFO] BookmarkNodeAdded, ABU: 0
2025-02-04 03:17:31.159: [INFO] BookmarkNodeAdded, ABU: 0
2025-02-04 03:17:31.160: [INFO] BookmarkNodeAdded, ABU: 0
2025-02-04 03:17:31.160: [INFO] BookmarkNodeAdded, ABU: 0
2025-02-04 03:17:31.161: [INFO] BookmarkNodeAdded, ABU: 0
2025-02-04 03:17:31.162: [INFO] BookmarkNodeAdded, ABU: 0
2025-02-04 03:17:31.163: [INFO] BookmarkNodeAdded, ABU: 0
2025-02-04 03:17:31.164: [INFO] BookmarkNodeAdded, ABU: 0
2025-02-04 03:17:31.165: [INFO] BookmarkNodeAdded, ABU: 0
2025-02-04 03:17:31.166: [INFO] BookmarkNodeAdded, ABU: 0
2025-02-04 03:17:31.167: [INFO] BookmarkNodeAdded, ABU: 0
2025-02-04 03:17:31.168: [INFO] BookmarkNodeAdded, ABU: 0
2025-02-04 03:17:31.169: [INFO] BookmarkNodeAdded, ABU: 0
2025-02-04 03:17:31.170: [INFO] BookmarkNodeAdded, ABU: 0
2025-02-04 03:17:31.171: [INFO] BookmarkNodeAdded, ABU: 0
2025-02-04 03:17:31.172: [INFO] BookmarkNodeAdded, ABU: 0
2025-02-04 03:17:31.173: [INFO] BookmarkNodeAdded, ABU: 0
2025-02-04 03:17:31.174: [INFO] BookmarkNodeAdded, ABU: 0
2025-02-04 03:17:31.175: [INFO] BookmarkNodeAdded, ABU: 0
2025-02-04 03:17:31.176: [INFO] BookmarkNodeAdded, ABU: 0
2025-02-04 03:17:31.177: [INFO] BookmarkNodeAdded, ABU: 0
2025-02-04 03:17:31.178: [INFO] BookmarkNodeAdded, ABU: 0
2025-02-04 03:17:31.179: [INFO] BookmarkNodeAdded, ABU: 0
2025-02-04 03:17:31.180: [INFO] BookmarkNodeAdded, ABU: 0
2025-02-04 03:17:31.181: [INFO] BookmarkNodeAdded, ABU: 0
2025-02-04 03:17:31.182: [INFO] BookmarkNodeAdded, ABU: 0
2025-02-04 03:17:31.183: [INFO] BookmarkNodeAdded, ABU: 0
2025-02-04 03:17:31.184: [INFO] BookmarkNodeAdded, ABU: 0
2025-02-04 03:17:31.185: [INFO] BookmarkNodeAdded, ABU: 0
2025-02-04 03:17:31.186: [INFO] BookmarkNodeAdded, ABU: 0
2025-02-04 03:17:31.187: [INFO] BookmarkNodeAdded, ABU: 0
2025-02-04 03:17:31.188: [INFO] BookmarkNodeAdded, ABU: 0
2025-02-04 03:17:31.189: [INFO] BookmarkNodeAdded, ABU: 0
2025-02-04 03:17:31.190: [INFO] BookmarkNodeAdded, ABU: 0
2025-02-04 03:17:31.191: [INFO] BookmarkNodeAdded, ABU: 0
2025-02-04 03:17:31.192: [INFO] BookmarkNodeAdded, ABU: 0
2025-02-04 03:17:31.193: [INFO] BookmarkNodeAdded, ABU: 0
2025-02-04 03:17:31.194: [INFO] BookmarkNodeAdded, ABU: 0
2025-02-04 03:17:31.195: [INFO] BookmarkNodeAdded, ABU: 0
2025-02-04 03:17:31.197: [INFO] BookmarkNodeAdded, ABU: 0
2025-02-04 03:17:31.198: [INFO] BookmarkNodeAdded, ABU: 0
2025-02-04 03:17:31.199: [INFO] BookmarkNodeAdded, ABU: 0
2025-02-04 03:17:31.200: [INFO] BookmarkNodeAdded, ABU: 0
2025-02-04 03:17:31.201: [INFO] BookmarkNodeAdded, ABU: 0
2025-02-04 03:17:31.202: [INFO] BookmarkNodeAdded, ABU: 0
2025-02-04 03:17:31.203: [INFO] BookmarkNodeAdded, ABU: 0
2025-02-04 03:17:31.204: [INFO] BookmarkNodeAdded, ABU: 0
2025-02-04 03:17:31.205: [INFO] BookmarkNodeAdded, ABU: 0
2025-02-04 03:17:31.207: [INFO] BookmarkNodeAdded, ABU: 0
2025-02-04 03:17:31.208: [INFO] BookmarkNodeAdded, ABU: 0
2025-02-04 03:17:31.209: [INFO] BookmarkNodeAdded, ABU: 0
2025-02-04 03:17:31.210: [INFO] BookmarkNodeAdded, ABU: 0
2025-02-04 03:17:31.213: [INFO] BookmarkNodeAdded, ABU: 0
2025-02-04 03:17:31.215: [INFO] BookmarkNodeAdded, ABU: 0
2025-02-04 03:17:31.216: [INFO] BookmarkNodeAdded, ABU: 0
2025-02-04 03:17:31.218: [INFO] BookmarkNodeAdded, ABU: 0
2025-02-04 03:17:31.219: [INFO] BookmarkNodeAdded, ABU: 0
2025-02-04 03:17:31.220: [INFO] BookmarkNodeAdded, ABU: 0
2025-02-04 03:17:31.221: [INFO] BookmarkNodeAdded, ABU: 0
2025-02-04 03:17:31.223: [INFO] BookmarkNodeAdded, ABU: 0
2025-02-04 03:17:31.224: [INFO] BookmarkNodeAdded, ABU: 0
2025-02-04 03:17:31.226: [INFO] BookmarkNodeAdded, ABU: 0
2025-02-04 03:17:31.227: [INFO] BookmarkNodeAdded, ABU: 0
2025-02-04 03:17:31.229: [INFO] BookmarkNodeAdded, ABU: 0
2025-02-04 03:17:31.231: [INFO] BookmarkNodeAdded, ABU: 0
2025-02-04 03:17:31.232: [INFO] BookmarkNodeAdded, ABU: 0
2025-02-04 03:17:31.234: [INFO] BookmarkNodeAdded, ABU: 0
2025-02-04 03:17:31.236: [INFO] BookmarkNodeAdded, ABU: 0
2025-02-04 03:17:31.237: [INFO] BookmarkNodeAdded, ABU: 0
2025-02-04 03:17:31.239: [INFO] BookmarkNodeAdded, ABU: 0
2025-02-04 03:17:31.240: [INFO] BookmarkNodeAdded, ABU: 0
2025-02-04 03:17:31.241: [INFO] BookmarkNodeAdded, ABU: 0
2025-02-04 03:17:31.242: [INFO] BookmarkNodeAdded, ABU: 0
2025-02-04 03:17:31.244: [INFO] BookmarkNodeAdded, ABU: 0
2025-02-04 03:17:31.245: [INFO] BookmarkNodeAdded, ABU: 0
2025-02-04 03:17:31.246: [INFO] BookmarkNodeAdded, ABU: 0
2025-02-04 03:17:31.248: [INFO] BookmarkNodeAdded, ABU: 0
2025-02-04 03:17:31.249: [INFO] BookmarkNodeAdded, ABU: 0
2025-02-04 03:17:31.250: [INFO] BookmarkNodeAdded, ABU: 0
2025-02-04 03:17:31.251: [INFO] BookmarkNodeAdded, ABU: 0
2025-02-04 03:17:31.252: [INFO] BookmarkNodeAdded, ABU: 0
2025-02-04 03:17:31.254: [INFO] BookmarkNodeAdded, ABU: 0
2025-02-04 03:17:31.255: [INFO] BookmarkNodeAdded, ABU: 0
2025-02-04 03:17:31.256: [INFO] BookmarkNodeAdded, ABU: 0
2025-02-04 03:17:31.258: [INFO] BookmarkNodeAdded, ABU: 0
2025-02-04 03:17:31.259: [INFO] BookmarkNodeAdded, ABU: 0
2025-02-04 03:17:31.261: [INFO] BookmarkNodeAdded, ABU: 0
2025-02-04 03:17:31.262: [INFO] BookmarkNodeAdded, ABU: 0
2025-02-04 03:17:36.254: [INFO] Sync initialization duration: 12331ms
2025-02-04 03:37:58.681: [INFO] VisibilityChanged: 0
2025-02-04 03:38:15.901: [INFO] OnDoneLoading sync enabled: 1
2025-02-04 03:38:20.785: [INFO] Sync initialization duration: 4553ms
2025-02-04 03:38:36.286: [INFO] VisibilityChanged: 0
2025-02-05 05:19:43.964: [INFO] OnDoneLoading sync enabled: 0
2025-02-05 05:20:27.359: [INFO] VisibilityChanged: 0
2025-02-05 05:20:59.805: [INFO] OnDoneLoading sync enabled: 0
2025-02-05 05:24:51.630: [INFO] VisibilityChanged: 0
2025-02-05 05:25:22.985: [INFO] OnDoneLoading sync enabled: 0
2025-02-05 05:27:00.009: [INFO] VisibilityChanged: 0
2025-02-08 16:48:10.591: [INFO] OnDoneLoading sync enabled: 0
2025-02-08 16:48:28.121: [INFO] VisibilityChanged: 0
