{"logTime": "0204/031734", "correlationVector":"vLSbzmCM6xcQpDYyPlS9mP.199","action":"GetUpdates", "result":"DeleteReceived", "context":{"id":"3a95b0dc-1b72-4933-b86b-b9d2f61070a5", "isDeleted:":"true", "version":"1734628379075"}}
{"logTime": "0204/031734", "correlationVector":"vLSbzmCM6xcQpDYyPlS9mP.200","action":"GetUpdates", "result":"DeleteReceived", "context":{"id":"f062c575-2c8f-4146-bf4b-8e2274e3842c", "isDeleted:":"true", "version":"1734628379076"}}
{"logTime": "0204/031734", "correlationVector":"vLSbzmCM6xcQpDYyPlS9mP.201","action":"GetUpdates", "result":"DeleteReceived", "context":{"id":"1928946c-8ef6-4306-82d8-f6501fac1440", "isDeleted:":"true", "version":"1734628379077"}}
{"logTime": "0204/031734", "correlationVector":"vLSbzmCM6xcQpDYyPlS9mP.202","action":"GetUpdates", "result":"DeleteReceived", "context":{"id":"fb7e4493-45e8-4c66-b195-e5cd4a8bcb5d", "isDeleted:":"true", "version":"1734628379078"}}
{"logTime": "0204/031734", "correlationVector":"vLSbzmCM6xcQpDYyPlS9mP.203","action":"GetUpdates", "result":"DeleteReceived", "context":{"id":"5800a0bf-26b0-45c3-9f5b-f82e4a89b513", "isDeleted:":"true", "version":"1734628379079"}}
{"logTime": "0204/031734", "correlationVector":"vLSbzmCM6xcQpDYyPlS9mP.204","action":"GetUpdates", "result":"DeleteReceived", "context":{"id":"fee2a883-584b-4639-aea8-a05f14cc61ca", "isDeleted:":"true", "version":"1734628379080"}}
{"logTime": "0204/031734", "correlationVector":"vLSbzmCM6xcQpDYyPlS9mP.205","action":"GetUpdates", "result":"DeleteReceived", "context":{"id":"36ae7d03-a346-45c1-bbba-cd9546d4dc66", "isDeleted:":"true", "version":"1734628379081"}}
{"logTime": "0204/031734", "correlationVector":"vLSbzmCM6xcQpDYyPlS9mP.206","action":"GetUpdates", "result":"DeleteReceived", "context":{"id":"ad61426e-7143-40a5-9697-fd31db3d07b9", "isDeleted:":"true", "version":"1734628379082"}}
{"logTime": "0204/031734", "correlationVector":"vLSbzmCM6xcQpDYyPlS9mP.207","action":"GetUpdates", "result":"DeleteReceived", "context":{"id":"6b9bbff2-c2bc-4c7a-8d6f-4c446c9ccda6", "isDeleted:":"true", "version":"1734628379083"}}
{"logTime": "0204/031734", "correlationVector":"vLSbzmCM6xcQpDYyPlS9mP.208","action":"GetUpdates", "result":"DeleteReceived", "context":{"id":"fb333d65-9077-4b6e-bf0b-be2988565a3e", "isDeleted:":"true", "version":"1734628379084"}}
{"logTime": "0204/031734", "correlationVector":"vLSbzmCM6xcQpDYyPlS9mP.209","action":"GetUpdates", "result":"DeleteReceived", "context":{"id":"ce589c76-b9cc-4c1b-8817-43f471739fda", "isDeleted:":"true", "version":"1734628379085"}}
{"logTime": "0204/031734", "correlationVector":"vLSbzmCM6xcQpDYyPlS9mP.210","action":"GetUpdates", "result":"DeleteReceived", "context":{"id":"3de6488d-e0db-4177-b246-7b73cdcb6ce6", "isDeleted:":"true", "version":"1734628379086"}}
{"logTime": "0204/031734", "correlationVector":"vLSbzmCM6xcQpDYyPlS9mP.211","action":"GetUpdates", "result":"DeleteReceived", "context":{"id":"da54cbd4-f3e6-44ba-86af-f95e42c91009", "isDeleted:":"true", "version":"1734628379087"}}
{"logTime": "0204/031734", "correlationVector":"vLSbzmCM6xcQpDYyPlS9mP.212","action":"GetUpdates", "result":"DeleteReceived", "context":{"id":"b7976050-60a7-49c2-84f1-5e20ed9f0e3d", "isDeleted:":"true", "version":"1734628379088"}}
{"logTime": "0204/031734", "correlationVector":"vLSbzmCM6xcQpDYyPlS9mP.213","action":"GetUpdates", "result":"DeleteReceived", "context":{"id":"da92618e-1612-44c7-a3cf-9f43d10f20a4", "isDeleted:":"true", "version":"1734628379089"}}
{"logTime": "0204/031734", "correlationVector":"vLSbzmCM6xcQpDYyPlS9mP.214","action":"GetUpdates", "result":"DeleteReceived", "context":{"id":"9c2bbf0f-de4b-41fa-9b37-9ee350fc8a88", "isDeleted:":"true", "version":"1734628379090"}}
{"logTime": "0204/031734", "correlationVector":"vLSbzmCM6xcQpDYyPlS9mP.215","action":"GetUpdates", "result":"DeleteReceived", "context":{"id":"f5ffc231-c89d-440a-825e-bd13a0a8e810", "isDeleted:":"true", "version":"1734698805820"}}
{"logTime": "0204/031734", "correlationVector":"vLSbzmCM6xcQpDYyPlS9mP.216","action":"GetUpdates", "result":"DeleteReceived", "context":{"id":"4189fe28-a757-49f4-b2a2-55328a4fc893", "isDeleted:":"true", "version":"1734713316865"}}
{"logTime": "0204/031734", "correlationVector":"vLSbzmCM6xcQpDYyPlS9mP.217","action":"GetUpdates", "result":"DeleteReceived", "context":{"id":"6bc0bcc9-9e03-4c00-84c6-366d8e404ffd", "isDeleted:":"true", "version":"1734754003094"}}
{"logTime": "0204/031734", "correlationVector":"vLSbzmCM6xcQpDYyPlS9mP.218","action":"GetUpdates", "result":"DeleteReceived", "context":{"id":"e8fb1b9a-8aaa-4b0f-bd29-8e8ef420cd5a", "isDeleted:":"true", "version":"1734754003095"}}
{"logTime": "0204/031734", "correlationVector":"vLSbzmCM6xcQpDYyPlS9mP.219","action":"GetUpdates", "result":"DeleteReceived", "context":{"id":"92f3cd0d-3b1e-4552-be96-d5290cfc4a62", "isDeleted:":"true", "version":"1734754003949"}}
{"logTime": "0204/031734", "correlationVector":"vLSbzmCM6xcQpDYyPlS9mP.220","action":"GetUpdates", "result":"DeleteReceived", "context":{"id":"1a04eb75-5882-48ef-8572-76418e2a8a26", "isDeleted:":"true", "version":"1734754003951"}}
{"logTime": "0204/031734", "correlationVector":"vLSbzmCM6xcQpDYyPlS9mP.221","action":"GetUpdates", "result":"DeleteReceived", "context":{"id":"f46d9269-8b34-4dc1-a178-24fbf4a779a3", "isDeleted:":"true", "version":"1734754003952"}}
{"logTime": "0204/031734", "correlationVector":"vLSbzmCM6xcQpDYyPlS9mP.222","action":"GetUpdates", "result":"DeleteReceived", "context":{"id":"b0b6cf72-c007-48b8-9f88-c71bab6d18ce", "isDeleted:":"true", "version":"1734793932346"}}
{"logTime": "0204/031734", "correlationVector":"vLSbzmCM6xcQpDYyPlS9mP.223","action":"GetUpdates", "result":"DeleteReceived", "context":{"id":"5470403d-ec99-41bf-8063-7992d34a69be", "isDeleted:":"true", "version":"1734844773453"}}
{"logTime": "0204/031734", "correlationVector":"vLSbzmCM6xcQpDYyPlS9mP.224","action":"GetUpdates", "result":"DeleteReceived", "context":{"id":"1541ce74-c2e5-4589-b131-4d2918d58701", "isDeleted:":"true", "version":"1734844773454"}}
{"logTime": "0204/031734", "correlationVector":"vLSbzmCM6xcQpDYyPlS9mP.225","action":"GetUpdates", "result":"DeleteReceived", "context":{"id":"36ad09af-ae8b-4700-8f45-75d4f92080f4", "isDeleted:":"true", "version":"1734873862562"}}
{"logTime": "0204/031734", "correlationVector":"vLSbzmCM6xcQpDYyPlS9mP.226","action":"GetUpdates", "result":"DeleteReceived", "context":{"id":"ae38cf5d-5fe8-4bc7-a368-707a9d696b0d", "isDeleted:":"true", "version":"1734942731713"}}
{"logTime": "0204/031734", "correlationVector":"vLSbzmCM6xcQpDYyPlS9mP.227","action":"GetUpdates", "result":"DeleteReceived", "context":{"id":"dbfbff9a-a525-4698-8e7d-8a099a63edb0", "isDeleted:":"true", "version":"1735039768594"}}
{"logTime": "0204/031734", "correlationVector":"vLSbzmCM6xcQpDYyPlS9mP.228","action":"GetUpdates", "result":"DeleteReceived", "context":{"id":"3d260766-5201-4bfb-928e-a7e3e7e4dfb3", "isDeleted:":"true", "version":"1735039768597"}}
{"logTime": "0204/031734", "correlationVector":"vLSbzmCM6xcQpDYyPlS9mP.229","action":"GetUpdates", "result":"DeleteReceived", "context":{"id":"680b951c-cd1a-4396-aa1c-60f51741d1e6", "isDeleted:":"true", "version":"1735039768598"}}
{"logTime": "0204/031734", "correlationVector":"vLSbzmCM6xcQpDYyPlS9mP.230","action":"GetUpdates", "result":"DeleteReceived", "context":{"id":"450f0199-6b30-4b47-aa43-5e7dbad9bb7a", "isDeleted:":"true", "version":"1735039768599"}}
{"logTime": "0204/031734", "correlationVector":"vLSbzmCM6xcQpDYyPlS9mP.231","action":"GetUpdates", "result":"DeleteReceived", "context":{"id":"0e500cf8-0576-44bb-b38f-0fa794c596d1", "isDeleted:":"true", "version":"1735039782585"}}
{"logTime": "0204/031734", "correlationVector":"vLSbzmCM6xcQpDYyPlS9mP.232","action":"GetUpdates", "result":"DeleteReceived", "context":{"id":"b40ceb5c-be89-4156-bc43-a4d6905d9766", "isDeleted:":"true", "version":"1735119515606"}}
{"logTime": "0204/031734", "correlationVector":"vLSbzmCM6xcQpDYyPlS9mP.233","action":"GetUpdates", "result":"DeleteReceived", "context":{"id":"b88d7e0c-7d43-43b6-be2f-3e5dee47edc7", "isDeleted:":"true", "version":"1735145156597"}}
{"logTime": "0204/031734", "correlationVector":"vLSbzmCM6xcQpDYyPlS9mP.234","action":"GetUpdates", "result":"DeleteReceived", "context":{"id":"623d399c-2521-4f68-83e8-4966b96a34f0", "isDeleted:":"true", "version":"1735222653733"}}
{"logTime": "0204/031734", "correlationVector":"vLSbzmCM6xcQpDYyPlS9mP.235","action":"GetUpdates", "result":"DeleteReceived", "context":{"id":"295d2212-c746-4612-92b8-22d271ff76d2", "isDeleted:":"true", "version":"1735222862272"}}
{"logTime": "0204/031734", "correlationVector":"vLSbzmCM6xcQpDYyPlS9mP.236","action":"GetUpdates", "result":"DeleteReceived", "context":{"id":"03ef41a5-97df-4fbc-9c80-2aca76c917f5", "isDeleted:":"true", "version":"1732967691984"}}
{"logTime": "0204/031734", "correlationVector":"vLSbzmCM6xcQpDYyPlS9mP.237","action":"GetUpdates", "result":"DeleteReceived", "context":{"id":"ebab1d8e-7959-4026-af27-433ce40328a4", "isDeleted:":"true", "version":"1733496355092"}}
{"logTime": "0204/031734", "correlationVector":"vLSbzmCM6xcQpDYyPlS9mP.238","action":"GetUpdates", "result":"DeleteReceived", "context":{"id":"8a103cfe-7e5a-4422-a369-213d1008088d", "isDeleted:":"true", "version":"1733496355093"}}
{"logTime": "0204/031734", "correlationVector":"vLSbzmCM6xcQpDYyPlS9mP.239","action":"GetUpdates", "result":"DeleteReceived", "context":{"id":"1d9339f3-7118-4b77-93e9-6a7f5abc5921", "isDeleted:":"true", "version":"1733496355094"}}
{"logTime": "0204/031734", "correlationVector":"vLSbzmCM6xcQpDYyPlS9mP.240","action":"GetUpdates", "result":"DeleteReceived", "context":{"id":"3da09f57-2a8f-419c-b3cf-41b8ed7ef98d", "isDeleted:":"true", "version":"1732700296760"}}
{"logTime": "0204/031734", "correlationVector":"vLSbzmCM6xcQpDYyPlS9mP.241","action":"GetUpdates", "result":"DeleteReceived", "context":{"id":"ee68d04a-196f-40e5-b77b-b60dfd75a040", "isDeleted:":"true", "version":"1733328924639"}}
{"logTime": "0204/031734", "correlationVector":"vLSbzmCM6xcQpDYyPlS9mP.242","action":"GetUpdates Response", "result":"Success", "context":Received 250 update(s). cV=vLSbzmCM6xcQpDYyPlS9mP.0;server=akswtt004000029;cloudType=Consumer;environment=Prod_southeastasia_prod-s01-064-apac-southeastasia;migrationStage=NotStarted Some updates remain.}
{"logTime": "0204/031734", "correlationVector":"RI5IXu+0JYLXipkU7BrPCf","action":"Initial GetUpdates", "result":"", "context":Reason: NEWLY_SUPPORTED_DATATYPE. cV=RI5IXu+0JYLXipkU7BrPCf}
{"logTime": "0204/031735", "correlationVector":"RI5IXu+0JYLXipkU7BrPCf.1","action":"SyncServerConnectionManagerRequest", "result":"SYNC_SERVER_OK", "context":{"environment":"Prod_southeastasia_prod-s01-064-apac-southeastasia", "migrationStage":"NotStarted", "server":"akswtt00400001d"}}
{"logTime": "0204/031735", "correlationVector":"RI5IXu+0JYLXipkU7BrPCf.2","action":"GetUpdates", "result":"DeleteReceived", "context":{"id":"91604086-e4cb-4740-8137-27977ce1038a", "isDeleted:":"true", "version":"1735222862273"}}
{"logTime": "0204/031735", "correlationVector":"RI5IXu+0JYLXipkU7BrPCf.3","action":"GetUpdates", "result":"DeleteReceived", "context":{"id":"05edc3ef-7e16-4c45-ad5a-1b09bb0a34d3", "isDeleted:":"true", "version":"1735222862274"}}
{"logTime": "0204/031735", "correlationVector":"RI5IXu+0JYLXipkU7BrPCf.4","action":"GetUpdates", "result":"DeleteReceived", "context":{"id":"5df664c5-6a95-4d64-b863-d6243247d8c7", "isDeleted:":"true", "version":"1735228624658"}}
{"logTime": "0204/031735", "correlationVector":"RI5IXu+0JYLXipkU7BrPCf.5","action":"GetUpdates", "result":"DeleteReceived", "context":{"id":"f641622a-64e1-4f40-ac65-5bf9050459d0", "isDeleted:":"true", "version":"1735228624660"}}
{"logTime": "0204/031735", "correlationVector":"RI5IXu+0JYLXipkU7BrPCf.6","action":"GetUpdates", "result":"DeleteReceived", "context":{"id":"f7d6f4da-a6f4-46cc-8bac-2e7fcbcaf6e5", "isDeleted:":"true", "version":"1735228624661"}}
{"logTime": "0204/031735", "correlationVector":"RI5IXu+0JYLXipkU7BrPCf.7","action":"GetUpdates", "result":"DeleteReceived", "context":{"id":"ff9dd644-25c5-4469-96a6-1b4b7b7c612f", "isDeleted:":"true", "version":"1735313467659"}}
{"logTime": "0204/031735", "correlationVector":"RI5IXu+0JYLXipkU7BrPCf.8","action":"GetUpdates", "result":"DeleteReceived", "context":{"id":"eda4e557-1038-4be0-b75f-ed1c6cb2af8d", "isDeleted:":"true", "version":"1735353796570"}}
{"logTime": "0204/031735", "correlationVector":"RI5IXu+0JYLXipkU7BrPCf.9","action":"GetUpdates", "result":"DeleteReceived", "context":{"id":"0a33b112-2cad-486c-9894-65161a6f02fa", "isDeleted:":"true", "version":"1735574412053"}}
{"logTime": "0204/031735", "correlationVector":"RI5IXu+0JYLXipkU7BrPCf.10","action":"GetUpdates", "result":"DeleteReceived", "context":{"id":"99857618-acc1-4417-94e3-12fefc4141e0", "isDeleted:":"true", "version":"1735706727110"}}
{"logTime": "0204/031735", "correlationVector":"RI5IXu+0JYLXipkU7BrPCf.11","action":"GetUpdates", "result":"DeleteReceived", "context":{"id":"028748bb-1c67-4721-9586-c768c7a0f74f", "isDeleted:":"true", "version":"1735739654375"}}
{"logTime": "0204/031735", "correlationVector":"RI5IXu+0JYLXipkU7BrPCf.12","action":"GetUpdates", "result":"DeleteReceived", "context":{"id":"9bda2654-2d05-4bac-ab22-a877570b5a4f", "isDeleted:":"true", "version":"1736111305246"}}
{"logTime": "0204/031735", "correlationVector":"RI5IXu+0JYLXipkU7BrPCf.13","action":"GetUpdates", "result":"DeleteReceived", "context":{"id":"59f548f5-f62c-46f7-a128-9cc4fffda9c4", "isDeleted:":"true", "version":"1736144637813"}}
{"logTime": "0204/031735", "correlationVector":"RI5IXu+0JYLXipkU7BrPCf.14","action":"GetUpdates", "result":"DeleteReceived", "context":{"id":"76435be3-9f59-4ff9-8b10-19007e79e3ae", "isDeleted:":"true", "version":"1736144637814"}}
{"logTime": "0204/031735", "correlationVector":"RI5IXu+0JYLXipkU7BrPCf.15","action":"GetUpdates", "result":"DeleteReceived", "context":{"id":"4e88a00e-3942-4fb4-b7dc-e1268641bd38", "isDeleted:":"true", "version":"1736173794564"}}
{"logTime": "0204/031735", "correlationVector":"RI5IXu+0JYLXipkU7BrPCf.16","action":"GetUpdates", "result":"DeleteReceived", "context":{"id":"6cce94d2-7aad-43d9-aed7-5cec6fff93e0", "isDeleted:":"true", "version":"1736183113378"}}
{"logTime": "0204/031735", "correlationVector":"RI5IXu+0JYLXipkU7BrPCf.17","action":"GetUpdates", "result":"DeleteReceived", "context":{"id":"466bf2e9-2acd-4c93-9783-4d9ee4710b22", "isDeleted:":"true", "version":"1736248709472"}}
{"logTime": "0204/031735", "correlationVector":"RI5IXu+0JYLXipkU7BrPCf.18","action":"GetUpdates", "result":"DeleteReceived", "context":{"id":"ceff44b6-a3d7-4f1a-a36d-4a7e1a55ec2c", "isDeleted:":"true", "version":"1736264465042"}}
{"logTime": "0204/031735", "correlationVector":"RI5IXu+0JYLXipkU7BrPCf.19","action":"GetUpdates", "result":"DeleteReceived", "context":{"id":"3a91a419-7d32-4eef-819e-cf97774dee59", "isDeleted:":"true", "version":"1736302022355"}}
{"logTime": "0204/031735", "correlationVector":"RI5IXu+0JYLXipkU7BrPCf.20","action":"GetUpdates", "result":"DeleteReceived", "context":{"id":"b075c93f-e00d-4d7f-9ea3-652dc3d0c50d", "isDeleted:":"true", "version":"1736302022356"}}
{"logTime": "0204/031735", "correlationVector":"RI5IXu+0JYLXipkU7BrPCf.21","action":"GetUpdates", "result":"DeleteReceived", "context":{"id":"e717d76c-ea57-4a7c-ad5d-8df06037e7b3", "isDeleted:":"true", "version":"1736311382225"}}
{"logTime": "0204/031735", "correlationVector":"RI5IXu+0JYLXipkU7BrPCf.22","action":"GetUpdates", "result":"DeleteReceived", "context":{"id":"06126659-f77e-4820-8043-e7dcd11f6713", "isDeleted:":"true", "version":"1736316625261"}}
{"logTime": "0204/031735", "correlationVector":"RI5IXu+0JYLXipkU7BrPCf.23","action":"GetUpdates", "result":"DeleteReceived", "context":{"id":"736da67b-5af4-4179-a1a4-62f411028567", "isDeleted:":"true", "version":"1736335867806"}}
{"logTime": "0204/031735", "correlationVector":"RI5IXu+0JYLXipkU7BrPCf.24","action":"GetUpdates", "result":"DeleteReceived", "context":{"id":"79c55874-6c0b-4778-93eb-670fd0cc53a1", "isDeleted:":"true", "version":"1736394426074"}}
{"logTime": "0204/031735", "correlationVector":"RI5IXu+0JYLXipkU7BrPCf.25","action":"GetUpdates", "result":"DeleteReceived", "context":{"id":"a14948a7-bf72-441b-8a24-e79328fdafcc", "isDeleted:":"true", "version":"1736400630639"}}
{"logTime": "0204/031735", "correlationVector":"RI5IXu+0JYLXipkU7BrPCf.26","action":"GetUpdates", "result":"DeleteReceived", "context":{"id":"624fc346-6b6b-4d8a-8331-2d8c8cfd4906", "isDeleted:":"true", "version":"1736412899891"}}
{"logTime": "0204/031735", "correlationVector":"RI5IXu+0JYLXipkU7BrPCf.27","action":"GetUpdates", "result":"DeleteReceived", "context":{"id":"5ac6e12e-bed5-4f05-bd14-97fa79026a21", "isDeleted:":"true", "version":"1736412899892"}}
{"logTime": "0204/031735", "correlationVector":"RI5IXu+0JYLXipkU7BrPCf.28","action":"GetUpdates", "result":"DeleteReceived", "context":{"id":"4c67dfa0-60ac-4787-a180-54be06c6b509", "isDeleted:":"true", "version":"1736412899893"}}
{"logTime": "0204/031735", "correlationVector":"RI5IXu+0JYLXipkU7BrPCf.29","action":"GetUpdates", "result":"DeleteReceived", "context":{"id":"0c3486cc-3288-43f7-9241-a95b1bcd2032", "isDeleted:":"true", "version":"1736412899895"}}
{"logTime": "0204/031735", "correlationVector":"RI5IXu+0JYLXipkU7BrPCf.30","action":"GetUpdates", "result":"DeleteReceived", "context":{"id":"cc6a8776-6007-47be-a877-0e4635e02032", "isDeleted:":"true", "version":"1736412899896"}}
{"logTime": "0204/031735", "correlationVector":"RI5IXu+0JYLXipkU7BrPCf.31","action":"GetUpdates", "result":"DeleteReceived", "context":{"id":"e98c87d7-57f0-45c5-8209-1f5d15cbce59", "isDeleted:":"true", "version":"1736412899897"}}
{"logTime": "0204/031735", "correlationVector":"RI5IXu+0JYLXipkU7BrPCf.32","action":"GetUpdates", "result":"DeleteReceived", "context":{"id":"35a43cf0-1095-4bf6-816e-f2de47ed5230", "isDeleted:":"true", "version":"1736412899898"}}
{"logTime": "0204/031735", "correlationVector":"RI5IXu+0JYLXipkU7BrPCf.33","action":"GetUpdates", "result":"DeleteReceived", "context":{"id":"963f4092-4722-4360-891e-4642990d72ce", "isDeleted:":"true", "version":"1736416479746"}}
{"logTime": "0204/031735", "correlationVector":"RI5IXu+0JYLXipkU7BrPCf.34","action":"GetUpdates", "result":"DeleteReceived", "context":{"id":"9711c684-09e2-4608-b5a9-f5f684d6cd53", "isDeleted:":"true", "version":"1736421042591"}}
{"logTime": "0204/031735", "correlationVector":"RI5IXu+0JYLXipkU7BrPCf.35","action":"GetUpdates", "result":"DeleteReceived", "context":{"id":"39f36fc2-e984-4bfb-a964-5c6069ced5da", "isDeleted:":"true", "version":"1736421042592"}}
{"logTime": "0204/031735", "correlationVector":"RI5IXu+0JYLXipkU7BrPCf.36","action":"GetUpdates", "result":"DeleteReceived", "context":{"id":"74bbf65a-4416-4f62-8c9b-20193488ec46", "isDeleted:":"true", "version":"1736421042593"}}
{"logTime": "0204/031735", "correlationVector":"RI5IXu+0JYLXipkU7BrPCf.37","action":"GetUpdates", "result":"DeleteReceived", "context":{"id":"4a587bc0-dd52-4961-884e-082acbcf100a", "isDeleted:":"true", "version":"1736421042598"}}
{"logTime": "0204/031735", "correlationVector":"RI5IXu+0JYLXipkU7BrPCf.38","action":"GetUpdates", "result":"DeleteReceived", "context":{"id":"5bc1a563-2637-44fd-b27e-9a3416f614c9", "isDeleted:":"true", "version":"1736421278589"}}
{"logTime": "0204/031735", "correlationVector":"RI5IXu+0JYLXipkU7BrPCf.39","action":"GetUpdates", "result":"DeleteReceived", "context":{"id":"48052554-2431-40d9-bf76-2957802added", "isDeleted:":"true", "version":"1736421278591"}}
{"logTime": "0204/031735", "correlationVector":"RI5IXu+0JYLXipkU7BrPCf.40","action":"GetUpdates", "result":"DeleteReceived", "context":{"id":"315baff8-aef1-4e9d-9f5f-7bc6dc28bea6", "isDeleted:":"true", "version":"1736421278594"}}
{"logTime": "0204/031735", "correlationVector":"RI5IXu+0JYLXipkU7BrPCf.41","action":"GetUpdates", "result":"DeleteReceived", "context":{"id":"4fb685f2-d5b0-4021-a438-5660a78bb83f", "isDeleted:":"true", "version":"1736482362051"}}
{"logTime": "0204/031735", "correlationVector":"RI5IXu+0JYLXipkU7BrPCf.42","action":"GetUpdates", "result":"DeleteReceived", "context":{"id":"4dcb5eff-1b81-453f-a511-e818c29741e8", "isDeleted:":"true", "version":"1736482362052"}}
{"logTime": "0204/031735", "correlationVector":"RI5IXu+0JYLXipkU7BrPCf.43","action":"GetUpdates", "result":"DeleteReceived", "context":{"id":"e35c6b42-d52a-42b9-a856-4c8743c66191", "isDeleted:":"true", "version":"1736482362053"}}
{"logTime": "0204/031735", "correlationVector":"RI5IXu+0JYLXipkU7BrPCf.44","action":"GetUpdates", "result":"DeleteReceived", "context":{"id":"4be76807-6cb4-4795-96af-673c792e0d0f", "isDeleted:":"true", "version":"1736482362054"}}
{"logTime": "0204/031735", "correlationVector":"RI5IXu+0JYLXipkU7BrPCf.45","action":"GetUpdates", "result":"DeleteReceived", "context":{"id":"5bd6bb2e-5ac3-498c-8623-ef73df7fb0d0", "isDeleted:":"true", "version":"1736482362055"}}
{"logTime": "0204/031735", "correlationVector":"RI5IXu+0JYLXipkU7BrPCf.46","action":"GetUpdates", "result":"DeleteReceived", "context":{"id":"4e402bf3-b0ba-43f9-babf-33cf6f3b69e4", "isDeleted:":"true", "version":"1736482362057"}}
{"logTime": "0204/031735", "correlationVector":"RI5IXu+0JYLXipkU7BrPCf.47","action":"GetUpdates", "result":"DeleteReceived", "context":{"id":"0f2408cb-d450-4652-9cf7-ec94ce50703c", "isDeleted:":"true", "version":"1736482362058"}}
{"logTime": "0204/031735", "correlationVector":"RI5IXu+0JYLXipkU7BrPCf.48","action":"GetUpdates", "result":"DeleteReceived", "context":{"id":"9b265024-a579-4fe8-9694-fd616ee7b36b", "isDeleted:":"true", "version":"1736482362059"}}
{"logTime": "0204/031735", "correlationVector":"RI5IXu+0JYLXipkU7BrPCf.49","action":"GetUpdates", "result":"DeleteReceived", "context":{"id":"ed85de71-bb37-4961-ba54-20c6c0ec785f", "isDeleted:":"true", "version":"1736482362060"}}
{"logTime": "0204/031735", "correlationVector":"RI5IXu+0JYLXipkU7BrPCf.50","action":"GetUpdates", "result":"DeleteReceived", "context":{"id":"ce0be645-a4dc-4f05-a1bd-ca08c4ed4ea8", "isDeleted:":"true", "version":"1736482362061"}}
{"logTime": "0204/031735", "correlationVector":"RI5IXu+0JYLXipkU7BrPCf.51","action":"GetUpdates", "result":"DeleteReceived", "context":{"id":"35c6ba4b-1d94-41ac-90f7-370d0679b42c", "isDeleted:":"true", "version":"1736482362062"}}
{"logTime": "0204/031735", "correlationVector":"RI5IXu+0JYLXipkU7BrPCf.52","action":"GetUpdates", "result":"DeleteReceived", "context":{"id":"fb03bf02-0684-4f00-809e-7b5f13ed0837", "isDeleted:":"true", "version":"1736482362063"}}
{"logTime": "0204/031735", "correlationVector":"RI5IXu+0JYLXipkU7BrPCf.53","action":"GetUpdates", "result":"DeleteReceived", "context":{"id":"23af37a3-3c58-485e-a5c4-73285f56c934", "isDeleted:":"true", "version":"1736482362064"}}
{"logTime": "0204/031735", "correlationVector":"RI5IXu+0JYLXipkU7BrPCf.54","action":"GetUpdates", "result":"DeleteReceived", "context":{"id":"b3047a39-b407-4522-afda-b3dc7ab89f2b", "isDeleted:":"true", "version":"1736482362065"}}
{"logTime": "0204/031735", "correlationVector":"RI5IXu+0JYLXipkU7BrPCf.55","action":"GetUpdates", "result":"DeleteReceived", "context":{"id":"3448c2fb-1a5c-419b-8e49-cad65302f263", "isDeleted:":"true", "version":"1736687696101"}}
{"logTime": "0204/031735", "correlationVector":"RI5IXu+0JYLXipkU7BrPCf.56","action":"GetUpdates", "result":"DeleteReceived", "context":{"id":"6d356c98-215f-4d29-a9d9-b878eccb34b0", "isDeleted:":"true", "version":"1736687696102"}}
{"logTime": "0204/031735", "correlationVector":"RI5IXu+0JYLXipkU7BrPCf.57","action":"GetUpdates", "result":"DeleteReceived", "context":{"id":"cea3b91a-8f01-4fbe-9073-680f4e0794d2", "isDeleted:":"true", "version":"1736687696103"}}
{"logTime": "0204/031735", "correlationVector":"RI5IXu+0JYLXipkU7BrPCf.58","action":"GetUpdates", "result":"DeleteReceived", "context":{"id":"cb6a07ee-b530-4bc5-8fec-703403ba2d1e", "isDeleted:":"true", "version":"1736687696105"}}
{"logTime": "0204/031735", "correlationVector":"RI5IXu+0JYLXipkU7BrPCf.59","action":"GetUpdates", "result":"DeleteReceived", "context":{"id":"7563fda6-9669-47c9-b5f4-32f9dd4585a9", "isDeleted:":"true", "version":"1736687696106"}}
{"logTime": "0204/031735", "correlationVector":"RI5IXu+0JYLXipkU7BrPCf.60","action":"GetUpdates", "result":"DeleteReceived", "context":{"id":"13433ccc-9bc6-4bdb-b2ff-e1f4a6911143", "isDeleted:":"true", "version":"1736687696107"}}
{"logTime": "0204/031735", "correlationVector":"RI5IXu+0JYLXipkU7BrPCf.61","action":"GetUpdates", "result":"DeleteReceived", "context":{"id":"ba0c9a8c-c8fc-4275-bb2a-be5a0d79b083", "isDeleted:":"true", "version":"1736687696108"}}
{"logTime": "0204/031735", "correlationVector":"RI5IXu+0JYLXipkU7BrPCf.62","action":"GetUpdates", "result":"DeleteReceived", "context":{"id":"83d92cd2-4015-4a74-b89e-7a3203f31d34", "isDeleted:":"true", "version":"1736687696110"}}
{"logTime": "0204/031735", "correlationVector":"RI5IXu+0JYLXipkU7BrPCf.63","action":"GetUpdates", "result":"DeleteReceived", "context":{"id":"4f1d14ad-45de-46f6-a2ca-ee54add1eec0", "isDeleted:":"true", "version":"1736786578002"}}
{"logTime": "0204/031735", "correlationVector":"RI5IXu+0JYLXipkU7BrPCf.64","action":"GetUpdates", "result":"DeleteReceived", "context":{"id":"69577366-412f-420a-ada4-daed7119d62a", "isDeleted:":"true", "version":"1736786578003"}}
{"logTime": "0204/031735", "correlationVector":"RI5IXu+0JYLXipkU7BrPCf.65","action":"GetUpdates", "result":"DeleteReceived", "context":{"id":"98a75d63-9d64-42bc-a3ba-3f2277fc584f", "isDeleted:":"true", "version":"1736845272300"}}
{"logTime": "0204/031735", "correlationVector":"RI5IXu+0JYLXipkU7BrPCf.66","action":"GetUpdates", "result":"DeleteReceived", "context":{"id":"b59abf31-84e3-4fd5-9c1f-1a6f9c9004fd", "isDeleted:":"true", "version":"1736880023301"}}
{"logTime": "0204/031735", "correlationVector":"RI5IXu+0JYLXipkU7BrPCf.67","action":"GetUpdates", "result":"DeleteReceived", "context":{"id":"8cb2655d-1dc6-40e1-8ce5-6eefb50b95c4", "isDeleted:":"true", "version":"1736911055939"}}
{"logTime": "0204/031735", "correlationVector":"RI5IXu+0JYLXipkU7BrPCf.68","action":"GetUpdates", "result":"DeleteReceived", "context":{"id":"a775b86d-ca9a-4fa1-9f5b-033eed2c8b94", "isDeleted:":"true", "version":"1736911055942"}}
{"logTime": "0204/031735", "correlationVector":"RI5IXu+0JYLXipkU7BrPCf.69","action":"GetUpdates", "result":"DeleteReceived", "context":{"id":"06a11c61-c3ef-497b-b011-b07bff3a2d3e", "isDeleted:":"true", "version":"1736911055943"}}
{"logTime": "0204/031735", "correlationVector":"RI5IXu+0JYLXipkU7BrPCf.70","action":"GetUpdates", "result":"DeleteReceived", "context":{"id":"e167e88f-35df-4ed9-864f-764c0f5dcba9", "isDeleted:":"true", "version":"1736912272842"}}
{"logTime": "0204/031735", "correlationVector":"RI5IXu+0JYLXipkU7BrPCf.71","action":"GetUpdates", "result":"DeleteReceived", "context":{"id":"b05f122c-8d24-4e4f-b6ce-7cb1e9aa0202", "isDeleted:":"true", "version":"1736912562787"}}
{"logTime": "0204/031735", "correlationVector":"RI5IXu+0JYLXipkU7BrPCf.72","action":"GetUpdates", "result":"DeleteReceived", "context":{"id":"23489780-b3f2-41ea-99a9-36ff6b945d78", "isDeleted:":"true", "version":"1736958077414"}}
{"logTime": "0204/031735", "correlationVector":"RI5IXu+0JYLXipkU7BrPCf.73","action":"GetUpdates", "result":"DeleteReceived", "context":{"id":"cec2c3e3-16d1-41a9-bc7d-28ac25b57e55", "isDeleted:":"true", "version":"1736958077415"}}
{"logTime": "0204/031735", "correlationVector":"RI5IXu+0JYLXipkU7BrPCf.74","action":"GetUpdates", "result":"DeleteReceived", "context":{"id":"f6889391-20c1-41b5-a9dc-cc26d2c69b02", "isDeleted:":"true", "version":"1737005844959"}}
{"logTime": "0204/031735", "correlationVector":"RI5IXu+0JYLXipkU7BrPCf.75","action":"GetUpdates", "result":"DeleteReceived", "context":{"id":"c26babed-21cb-40cf-9ab1-da67b1467e11", "isDeleted:":"true", "version":"1737005844960"}}
{"logTime": "0204/031735", "correlationVector":"RI5IXu+0JYLXipkU7BrPCf.76","action":"GetUpdates", "result":"DeleteReceived", "context":{"id":"57710e00-95d3-44e4-93cb-0fc7abf82c7c", "isDeleted:":"true", "version":"1737005844961"}}
{"logTime": "0204/031735", "correlationVector":"RI5IXu+0JYLXipkU7BrPCf.77","action":"GetUpdates", "result":"DeleteReceived", "context":{"id":"e85a98f7-c0f8-419d-b019-c19292549ee4", "isDeleted:":"true", "version":"1737011524187"}}
{"logTime": "0204/031735", "correlationVector":"RI5IXu+0JYLXipkU7BrPCf.78","action":"GetUpdates", "result":"DeleteReceived", "context":{"id":"3ce211e1-557a-4f67-b576-f71b93297794", "isDeleted:":"true", "version":"1737038905437"}}
{"logTime": "0204/031735", "correlationVector":"RI5IXu+0JYLXipkU7BrPCf.79","action":"GetUpdates", "result":"DeleteReceived", "context":{"id":"d95f74d6-1d15-4a29-9bce-4d1099b139ce", "isDeleted:":"true", "version":"1737040214263"}}
{"logTime": "0204/031735", "correlationVector":"RI5IXu+0JYLXipkU7BrPCf.80","action":"GetUpdates", "result":"DeleteReceived", "context":{"id":"a63e875a-27c6-4900-a26e-d1aae630c7dd", "isDeleted:":"true", "version":"1737116301656"}}
{"logTime": "0204/031735", "correlationVector":"RI5IXu+0JYLXipkU7BrPCf.81","action":"GetUpdates", "result":"DeleteReceived", "context":{"id":"073e8104-596f-4afb-85aa-a7470ebfa881", "isDeleted:":"true", "version":"1737116301657"}}
{"logTime": "0204/031735", "correlationVector":"RI5IXu+0JYLXipkU7BrPCf.82","action":"GetUpdates", "result":"DeleteReceived", "context":{"id":"40c83ba3-8533-4f9c-a68c-300653d33ef2", "isDeleted:":"true", "version":"1737116301658"}}
{"logTime": "0204/031735", "correlationVector":"RI5IXu+0JYLXipkU7BrPCf.83","action":"GetUpdates", "result":"DeleteReceived", "context":{"id":"735eca29-68b5-4a2a-9425-3d4943929cae", "isDeleted:":"true", "version":"1737116301659"}}
{"logTime": "0204/031735", "correlationVector":"RI5IXu+0JYLXipkU7BrPCf.84","action":"GetUpdates", "result":"DeleteReceived", "context":{"id":"e8e05f3b-0cab-4f13-b23a-601011107418", "isDeleted:":"true", "version":"1737116301660"}}
{"logTime": "0204/031735", "correlationVector":"RI5IXu+0JYLXipkU7BrPCf.85","action":"GetUpdates", "result":"DeleteReceived", "context":{"id":"0876633c-8e67-4d52-a388-05e1a46f42a7", "isDeleted:":"true", "version":"1737116301662"}}
{"logTime": "0204/031735", "correlationVector":"RI5IXu+0JYLXipkU7BrPCf.86","action":"GetUpdates", "result":"DeleteReceived", "context":{"id":"15a619ec-b589-4b18-b71d-196be63138c0", "isDeleted:":"true", "version":"1737116301663"}}
{"logTime": "0204/031735", "correlationVector":"RI5IXu+0JYLXipkU7BrPCf.87","action":"GetUpdates", "result":"DeleteReceived", "context":{"id":"b03f21da-e357-4e56-8ef7-4673623c24dc", "isDeleted:":"true", "version":"1737116301664"}}
{"logTime": "0204/031735", "correlationVector":"RI5IXu+0JYLXipkU7BrPCf.88","action":"GetUpdates", "result":"DeleteReceived", "context":{"id":"3be086ab-1996-43b2-b01d-09a3cfc2572e", "isDeleted:":"true", "version":"1737116301665"}}
{"logTime": "0204/031735", "correlationVector":"RI5IXu+0JYLXipkU7BrPCf.89","action":"GetUpdates", "result":"DeleteReceived", "context":{"id":"1c8ceb53-c502-459d-b775-4421c8b0fc6d", "isDeleted:":"true", "version":"1737116301666"}}
{"logTime": "0204/031735", "correlationVector":"RI5IXu+0JYLXipkU7BrPCf.90","action":"GetUpdates", "result":"DeleteReceived", "context":{"id":"099ae163-e954-446d-a5be-3ea61c3291ba", "isDeleted:":"true", "version":"1737116301667"}}
{"logTime": "0204/031735", "correlationVector":"RI5IXu+0JYLXipkU7BrPCf.91","action":"GetUpdates", "result":"DeleteReceived", "context":{"id":"dca4a307-fa52-4408-8eaa-7a845c066c80", "isDeleted:":"true", "version":"1737116301669"}}
{"logTime": "0204/031735", "correlationVector":"RI5IXu+0JYLXipkU7BrPCf.92","action":"GetUpdates", "result":"DeleteReceived", "context":{"id":"f6c6c673-0ed5-4695-93af-083632471807", "isDeleted:":"true", "version":"1737116301670"}}
{"logTime": "0204/031735", "correlationVector":"RI5IXu+0JYLXipkU7BrPCf.93","action":"GetUpdates", "result":"DeleteReceived", "context":{"id":"74d5f420-94a4-4bed-b697-13615b4ea688", "isDeleted:":"true", "version":"1737116301671"}}
{"logTime": "0204/031735", "correlationVector":"RI5IXu+0JYLXipkU7BrPCf.94","action":"GetUpdates", "result":"DeleteReceived", "context":{"id":"01f8cb96-1736-4c17-83f2-69a75c319bb0", "isDeleted:":"true", "version":"1737116301672"}}
{"logTime": "0204/031735", "correlationVector":"RI5IXu+0JYLXipkU7BrPCf.95","action":"GetUpdates", "result":"DeleteReceived", "context":{"id":"738313c8-41e1-4a0f-bd75-d5d2fcb8031b", "isDeleted:":"true", "version":"1737129415519"}}
{"logTime": "0204/031735", "correlationVector":"RI5IXu+0JYLXipkU7BrPCf.96","action":"GetUpdates", "result":"DeleteReceived", "context":{"id":"175a1023-31d3-44e9-81bc-f43d7c8af3dd", "isDeleted:":"true", "version":"1737129415520"}}
{"logTime": "0204/031735", "correlationVector":"RI5IXu+0JYLXipkU7BrPCf.97","action":"GetUpdates", "result":"DeleteReceived", "context":{"id":"94100c30-346f-4453-9c62-0e3c10b10c1d", "isDeleted:":"true", "version":"1737129415521"}}
{"logTime": "0204/031735", "correlationVector":"RI5IXu+0JYLXipkU7BrPCf.98","action":"GetUpdates", "result":"DeleteReceived", "context":{"id":"3add79d4-9c23-44d9-a2fe-cdbfa70e9e13", "isDeleted:":"true", "version":"1737131407249"}}
{"logTime": "0204/031735", "correlationVector":"RI5IXu+0JYLXipkU7BrPCf.99","action":"GetUpdates", "result":"DeleteReceived", "context":{"id":"13b9f202-f2d6-4a41-9740-aae60fea167a", "isDeleted:":"true", "version":"1737171879212"}}
{"logTime": "0204/031735", "correlationVector":"RI5IXu+0JYLXipkU7BrPCf.100","action":"GetUpdates", "result":"DeleteReceived", "context":{"id":"810d4eda-53a9-4e71-9259-ad1011ff05c5", "isDeleted:":"true", "version":"1737178860047"}}
{"logTime": "0204/031735", "correlationVector":"RI5IXu+0JYLXipkU7BrPCf.101","action":"GetUpdates", "result":"DeleteReceived", "context":{"id":"1202180f-4424-4de6-bc0a-3bc5434e7b22", "isDeleted:":"true", "version":"1737196584563"}}
{"logTime": "0204/031735", "correlationVector":"RI5IXu+0JYLXipkU7BrPCf.102","action":"GetUpdates", "result":"DeleteReceived", "context":{"id":"05fd5d3b-af4f-4542-b2ae-77f4acb2ac1c", "isDeleted:":"true", "version":"1737273351126"}}
{"logTime": "0204/031735", "correlationVector":"RI5IXu+0JYLXipkU7BrPCf.103","action":"GetUpdates", "result":"DeleteReceived", "context":{"id":"7efb962b-6bae-45b5-a6f0-4fd6223a3ec1", "isDeleted:":"true", "version":"1737277641976"}}
{"logTime": "0204/031735", "correlationVector":"RI5IXu+0JYLXipkU7BrPCf.104","action":"GetUpdates", "result":"DeleteReceived", "context":{"id":"d3ed1be2-0721-441a-880d-ae2c614fc45b", "isDeleted:":"true", "version":"1737277641978"}}
{"logTime": "0204/031735", "correlationVector":"RI5IXu+0JYLXipkU7BrPCf.105","action":"GetUpdates", "result":"DeleteReceived", "context":{"id":"11810a0c-66ba-446e-9629-f3f6ba7f169b", "isDeleted:":"true", "version":"1737277717475"}}
{"logTime": "0204/031735", "correlationVector":"RI5IXu+0JYLXipkU7BrPCf.106","action":"GetUpdates", "result":"DeleteReceived", "context":{"id":"ea7397e9-cca8-457b-b1c8-def46d06fca4", "isDeleted:":"true", "version":"1737299808196"}}
{"logTime": "0204/031735", "correlationVector":"RI5IXu+0JYLXipkU7BrPCf.107","action":"GetUpdates", "result":"DeleteReceived", "context":{"id":"609fdd55-0558-4ad4-801c-479729917a74", "isDeleted:":"true", "version":"1737341919527"}}
{"logTime": "0204/031735", "correlationVector":"RI5IXu+0JYLXipkU7BrPCf.108","action":"GetUpdates", "result":"DeleteReceived", "context":{"id":"95e0e3ea-d363-4127-8214-57008bdb7493", "isDeleted:":"true", "version":"1737341919530"}}
{"logTime": "0204/031735", "correlationVector":"RI5IXu+0JYLXipkU7BrPCf.109","action":"GetUpdates", "result":"DeleteReceived", "context":{"id":"f0a785e0-1024-4211-8136-d97d5607a8d7", "isDeleted:":"true", "version":"1737341923436"}}
{"logTime": "0204/031735", "correlationVector":"RI5IXu+0JYLXipkU7BrPCf.110","action":"GetUpdates", "result":"DeleteReceived", "context":{"id":"907daf50-4731-4882-8b41-9ee6c39b4979", "isDeleted:":"true", "version":"1737346921857"}}
{"logTime": "0204/031735", "correlationVector":"RI5IXu+0JYLXipkU7BrPCf.111","action":"GetUpdates", "result":"DeleteReceived", "context":{"id":"c275ba00-a0ad-4c2c-b280-f4e660ba56bd", "isDeleted:":"true", "version":"1737347681832"}}
{"logTime": "0204/031735", "correlationVector":"RI5IXu+0JYLXipkU7BrPCf.112","action":"GetUpdates", "result":"DeleteReceived", "context":{"id":"7d63c6f7-2d8f-48e5-857c-c57a2b05823d", "isDeleted:":"true", "version":"1737348295315"}}
{"logTime": "0204/031735", "correlationVector":"RI5IXu+0JYLXipkU7BrPCf.113","action":"GetUpdates", "result":"DeleteReceived", "context":{"id":"e5d7204a-c1ca-44b0-8d97-e47ba9c570fd", "isDeleted:":"true", "version":"1737349343145"}}
{"logTime": "0204/031735", "correlationVector":"RI5IXu+0JYLXipkU7BrPCf.114","action":"GetUpdates", "result":"DeleteReceived", "context":{"id":"5dd8bd3b-03ec-40d6-a319-1cfdb850d0b5", "isDeleted:":"true", "version":"1737350771032"}}
{"logTime": "0204/031735", "correlationVector":"RI5IXu+0JYLXipkU7BrPCf.115","action":"GetUpdates", "result":"DeleteReceived", "context":{"id":"3f716823-5ca3-4cee-8ab0-75f8eb87f45b", "isDeleted:":"true", "version":"1737388124321"}}
{"logTime": "0204/031735", "correlationVector":"RI5IXu+0JYLXipkU7BrPCf.116","action":"GetUpdates", "result":"DeleteReceived", "context":{"id":"76c11a1d-3327-4805-b820-11b90801fc12", "isDeleted:":"true", "version":"1737434811218"}}
{"logTime": "0204/031735", "correlationVector":"RI5IXu+0JYLXipkU7BrPCf.117","action":"GetUpdates", "result":"DeleteReceived", "context":{"id":"46b91459-2574-49fd-90a8-a1da35027e2f", "isDeleted:":"true", "version":"1737441726672"}}
{"logTime": "0204/031735", "correlationVector":"RI5IXu+0JYLXipkU7BrPCf.118","action":"GetUpdates", "result":"DeleteReceived", "context":{"id":"bbc86763-b8c0-4d47-b63d-97bea1354b76", "isDeleted:":"true", "version":"1737474727313"}}
{"logTime": "0204/031735", "correlationVector":"RI5IXu+0JYLXipkU7BrPCf.119","action":"GetUpdates", "result":"DeleteReceived", "context":{"id":"31d97277-a52f-4fcc-8e2d-e2f3f29db15b", "isDeleted:":"true", "version":"1737474738167"}}
{"logTime": "0204/031735", "correlationVector":"RI5IXu+0JYLXipkU7BrPCf.120","action":"GetUpdates", "result":"DeleteReceived", "context":{"id":"f82aebb5-ac37-435e-b33b-c1a940ad442e", "isDeleted:":"true", "version":"1737519405030"}}
{"logTime": "0204/031735", "correlationVector":"RI5IXu+0JYLXipkU7BrPCf.121","action":"GetUpdates", "result":"DeleteReceived", "context":{"id":"529f7164-c580-4df6-ae54-21a09577c720", "isDeleted:":"true", "version":"1737519405031"}}
{"logTime": "0204/031735", "correlationVector":"RI5IXu+0JYLXipkU7BrPCf.122","action":"GetUpdates", "result":"DeleteReceived", "context":{"id":"2a06d344-fb0f-4af4-b88f-1982b12d3680", "isDeleted:":"true", "version":"1737519405032"}}
{"logTime": "0204/031735", "correlationVector":"RI5IXu+0JYLXipkU7BrPCf.123","action":"GetUpdates", "result":"DeleteReceived", "context":{"id":"8d7a4af5-f1de-419b-a625-a58f0fcca66c", "isDeleted:":"true", "version":"1737519405033"}}
{"logTime": "0204/031735", "correlationVector":"RI5IXu+0JYLXipkU7BrPCf.124","action":"GetUpdates", "result":"DeleteReceived", "context":{"id":"38f980c7-710f-467e-8a7f-b0ee45d8b764", "isDeleted:":"true", "version":"1737528352398"}}
{"logTime": "0204/031735", "correlationVector":"RI5IXu+0JYLXipkU7BrPCf.125","action":"GetUpdates", "result":"DeleteReceived", "context":{"id":"424aa2fb-c88d-46d1-ba48-ad1eae63e689", "isDeleted:":"true", "version":"1737528352400"}}
{"logTime": "0204/031735", "correlationVector":"RI5IXu+0JYLXipkU7BrPCf.126","action":"GetUpdates", "result":"DeleteReceived", "context":{"id":"71bd58bc-a112-46f6-8c30-5644e72b3298", "isDeleted:":"true", "version":"1737528352401"}}
{"logTime": "0204/031735", "correlationVector":"RI5IXu+0JYLXipkU7BrPCf.127","action":"GetUpdates", "result":"DeleteReceived", "context":{"id":"33452792-f0d8-44d6-ac4b-7ed23bdc9ecc", "isDeleted:":"true", "version":"1737528352402"}}
{"logTime": "0204/031735", "correlationVector":"RI5IXu+0JYLXipkU7BrPCf.128","action":"GetUpdates", "result":"DeleteReceived", "context":{"id":"518dd051-1eb6-45c8-a058-115312a4cf1b", "isDeleted:":"true", "version":"1737528352403"}}
{"logTime": "0204/031735", "correlationVector":"RI5IXu+0JYLXipkU7BrPCf.129","action":"GetUpdates", "result":"DeleteReceived", "context":{"id":"720457bd-f72d-4b99-a56a-77b4189cb15a", "isDeleted:":"true", "version":"1737528352404"}}
{"logTime": "0204/031735", "correlationVector":"RI5IXu+0JYLXipkU7BrPCf.130","action":"GetUpdates", "result":"DeleteReceived", "context":{"id":"1d0104fc-e670-4d67-944c-1ae341fcb3b2", "isDeleted:":"true", "version":"1737529913751"}}
{"logTime": "0204/031735", "correlationVector":"RI5IXu+0JYLXipkU7BrPCf.131","action":"GetUpdates", "result":"DeleteReceived", "context":{"id":"43fc8c10-bbbb-4825-b9b4-4a83c7cad3c1", "isDeleted:":"true", "version":"1737530617347"}}
{"logTime": "0204/031735", "correlationVector":"RI5IXu+0JYLXipkU7BrPCf.132","action":"GetUpdates", "result":"DeleteReceived", "context":{"id":"2bc232b3-6938-4d74-9c90-70967f94d9fc", "isDeleted:":"true", "version":"1737535260473"}}
{"logTime": "0204/031735", "correlationVector":"RI5IXu+0JYLXipkU7BrPCf.133","action":"GetUpdates", "result":"DeleteReceived", "context":{"id":"60cfdac4-6223-4104-8422-73244d6dd809", "isDeleted:":"true", "version":"1737547095124"}}
{"logTime": "0204/031735", "correlationVector":"RI5IXu+0JYLXipkU7BrPCf.134","action":"GetUpdates", "result":"DeleteReceived", "context":{"id":"70b4c6d3-41e5-4d5d-89e9-3e056915f583", "isDeleted:":"true", "version":"1737617769567"}}
{"logTime": "0204/031735", "correlationVector":"RI5IXu+0JYLXipkU7BrPCf.135","action":"GetUpdates", "result":"DeleteReceived", "context":{"id":"8de42887-4730-4d02-a8d7-a65469823ff2", "isDeleted:":"true", "version":"1737617769568"}}
{"logTime": "0204/031735", "correlationVector":"RI5IXu+0JYLXipkU7BrPCf.136","action":"GetUpdates", "result":"DeleteReceived", "context":{"id":"a7a0fbb0-9065-4c1d-b57f-56a827334d8d", "isDeleted:":"true", "version":"1737617769569"}}
{"logTime": "0204/031735", "correlationVector":"RI5IXu+0JYLXipkU7BrPCf.137","action":"GetUpdates", "result":"DeleteReceived", "context":{"id":"42de3c89-0d2f-492d-b3d6-a3bbba7c90f5", "isDeleted:":"true", "version":"1737642131100"}}
{"logTime": "0204/031735", "correlationVector":"RI5IXu+0JYLXipkU7BrPCf.138","action":"GetUpdates", "result":"DeleteReceived", "context":{"id":"8f5b611a-4391-400a-a3b6-75c389b19652", "isDeleted:":"true", "version":"1737646853105"}}
{"logTime": "0204/031735", "correlationVector":"RI5IXu+0JYLXipkU7BrPCf.139","action":"GetUpdates", "result":"DeleteReceived", "context":{"id":"33b7a3a5-a258-4b54-9ce0-b03592ea06f8", "isDeleted:":"true", "version":"1737649369596"}}
{"logTime": "0204/031735", "correlationVector":"RI5IXu+0JYLXipkU7BrPCf.140","action":"GetUpdates", "result":"DeleteReceived", "context":{"id":"fd1a1bf4-0023-47dd-9576-6ab7fa4abd48", "isDeleted:":"true", "version":"1737685307710"}}
{"logTime": "0204/031735", "correlationVector":"RI5IXu+0JYLXipkU7BrPCf.141","action":"GetUpdates", "result":"DeleteReceived", "context":{"id":"cae8526f-f528-47fb-8dc1-8747ee628394", "isDeleted:":"true", "version":"1737685307711"}}
{"logTime": "0204/031735", "correlationVector":"RI5IXu+0JYLXipkU7BrPCf.142","action":"GetUpdates", "result":"DeleteReceived", "context":{"id":"8ceb2ffc-8021-4e77-bc25-12a9cd9ce4a9", "isDeleted:":"true", "version":"1737685307712"}}
{"logTime": "0204/031735", "correlationVector":"RI5IXu+0JYLXipkU7BrPCf.143","action":"GetUpdates", "result":"DeleteReceived", "context":{"id":"42add4fb-9ee4-4205-b900-c65f8a4e8e66", "isDeleted:":"true", "version":"1737685307713"}}
{"logTime": "0204/031735", "correlationVector":"RI5IXu+0JYLXipkU7BrPCf.144","action":"GetUpdates", "result":"DeleteReceived", "context":{"id":"95bb688f-9fde-48ae-b72f-74002dae4df6", "isDeleted:":"true", "version":"1737685307714"}}
{"logTime": "0204/031735", "correlationVector":"RI5IXu+0JYLXipkU7BrPCf.145","action":"GetUpdates", "result":"DeleteReceived", "context":{"id":"f1946a1e-b237-4ab9-8b50-91766c933d36", "isDeleted:":"true", "version":"1737685307715"}}
{"logTime": "0204/031735", "correlationVector":"RI5IXu+0JYLXipkU7BrPCf.146","action":"GetUpdates", "result":"DeleteReceived", "context":{"id":"9ec77c0b-20e1-46f0-b1af-05e85630c137", "isDeleted:":"true", "version":"1737685307716"}}
{"logTime": "0204/031735", "correlationVector":"RI5IXu+0JYLXipkU7BrPCf.147","action":"GetUpdates", "result":"DeleteReceived", "context":{"id":"4ff70ad0-dd60-4a3a-936d-1e848c2c0b2a", "isDeleted:":"true", "version":"1737685307718"}}
{"logTime": "0204/031735", "correlationVector":"RI5IXu+0JYLXipkU7BrPCf.148","action":"GetUpdates", "result":"DeleteReceived", "context":{"id":"9711cf4e-679a-49e8-8d98-1378bfffb869", "isDeleted:":"true", "version":"1737685307719"}}
{"logTime": "0204/031735", "correlationVector":"RI5IXu+0JYLXipkU7BrPCf.149","action":"GetUpdates", "result":"DeleteReceived", "context":{"id":"71a08861-0ced-49e6-81af-50a43be81f49", "isDeleted:":"true", "version":"1737685307720"}}
{"logTime": "0204/031735", "correlationVector":"RI5IXu+0JYLXipkU7BrPCf.150","action":"GetUpdates", "result":"DeleteReceived", "context":{"id":"93f6529c-5d32-4e37-b858-84a51a50b43d", "isDeleted:":"true", "version":"1737685307721"}}
{"logTime": "0204/031735", "correlationVector":"RI5IXu+0JYLXipkU7BrPCf.151","action":"GetUpdates", "result":"DeleteReceived", "context":{"id":"ef821002-4769-4bce-a4b7-6c605c144594", "isDeleted:":"true", "version":"1737685307722"}}
{"logTime": "0204/031735", "correlationVector":"RI5IXu+0JYLXipkU7BrPCf.152","action":"GetUpdates", "result":"DeleteReceived", "context":{"id":"25e01f77-63a1-45ee-b0a1-6355af5e15ec", "isDeleted:":"true", "version":"1737685307723"}}
{"logTime": "0204/031735", "correlationVector":"RI5IXu+0JYLXipkU7BrPCf.153","action":"GetUpdates", "result":"DeleteReceived", "context":{"id":"77feb7cf-96b1-402a-986f-78d8cadf77d3", "isDeleted:":"true", "version":"1737685307724"}}
{"logTime": "0204/031735", "correlationVector":"RI5IXu+0JYLXipkU7BrPCf.154","action":"GetUpdates", "result":"DeleteReceived", "context":{"id":"d25f445b-c600-4293-bb70-d92a7077b804", "isDeleted:":"true", "version":"1737685307725"}}
{"logTime": "0204/031735", "correlationVector":"RI5IXu+0JYLXipkU7BrPCf.155","action":"GetUpdates", "result":"DeleteReceived", "context":{"id":"c6892857-7808-45eb-a627-ddfeec1f6839", "isDeleted:":"true", "version":"1737685307726"}}
{"logTime": "0204/031735", "correlationVector":"RI5IXu+0JYLXipkU7BrPCf.156","action":"GetUpdates", "result":"DeleteReceived", "context":{"id":"3cac06a6-bdf7-4942-8e52-4a92c9b14bee", "isDeleted:":"true", "version":"1737685307727"}}
{"logTime": "0204/031735", "correlationVector":"RI5IXu+0JYLXipkU7BrPCf.157","action":"GetUpdates", "result":"DeleteReceived", "context":{"id":"83cf4e06-3b8e-4788-8dab-d07138ca5e7b", "isDeleted:":"true", "version":"1737685307728"}}
{"logTime": "0204/031735", "correlationVector":"RI5IXu+0JYLXipkU7BrPCf.158","action":"GetUpdates", "result":"DeleteReceived", "context":{"id":"de7d9f2a-121f-474f-9496-feccc170db65", "isDeleted:":"true", "version":"1737685307730"}}
{"logTime": "0204/031735", "correlationVector":"RI5IXu+0JYLXipkU7BrPCf.159","action":"GetUpdates", "result":"DeleteReceived", "context":{"id":"f6904d10-9ac2-440a-aa3d-12992b3aba87", "isDeleted:":"true", "version":"1737685307731"}}
{"logTime": "0204/031735", "correlationVector":"RI5IXu+0JYLXipkU7BrPCf.160","action":"GetUpdates", "result":"DeleteReceived", "context":{"id":"5211bdf1-7964-4ceb-92a3-39f5dd990405", "isDeleted:":"true", "version":"1737685307732"}}
{"logTime": "0204/031735", "correlationVector":"RI5IXu+0JYLXipkU7BrPCf.161","action":"GetUpdates", "result":"DeleteReceived", "context":{"id":"e200e7af-05d1-4b9a-ab44-75f36d5c25df", "isDeleted:":"true", "version":"1737685307733"}}
{"logTime": "0204/031735", "correlationVector":"RI5IXu+0JYLXipkU7BrPCf.162","action":"GetUpdates", "result":"DeleteReceived", "context":{"id":"97871860-4882-43ff-b083-2d8eb979a118", "isDeleted:":"true", "version":"1737685307734"}}
{"logTime": "0204/031735", "correlationVector":"RI5IXu+0JYLXipkU7BrPCf.163","action":"GetUpdates", "result":"DeleteReceived", "context":{"id":"5a65caa8-8a3d-43d6-87df-773381e188e9", "isDeleted:":"true", "version":"1737713431203"}}
{"logTime": "0204/031735", "correlationVector":"RI5IXu+0JYLXipkU7BrPCf.164","action":"GetUpdates", "result":"DeleteReceived", "context":{"id":"c73bd6cd-20ce-4ed9-8d46-b40382db70dd", "isDeleted:":"true", "version":"1737713431204"}}
{"logTime": "0204/031735", "correlationVector":"RI5IXu+0JYLXipkU7BrPCf.165","action":"GetUpdates", "result":"DeleteReceived", "context":{"id":"61319a6e-6cbf-4e7e-9aef-b11f2d3b60ab", "isDeleted:":"true", "version":"1737713431205"}}
{"logTime": "0204/031735", "correlationVector":"RI5IXu+0JYLXipkU7BrPCf.166","action":"GetUpdates", "result":"DeleteReceived", "context":{"id":"6c012d2e-a418-44d9-892e-c796987b7517", "isDeleted:":"true", "version":"1737713431207"}}
{"logTime": "0204/031735", "correlationVector":"RI5IXu+0JYLXipkU7BrPCf.167","action":"GetUpdates", "result":"DeleteReceived", "context":{"id":"d42fe6b0-5d7c-4f78-9dfb-70d144892325", "isDeleted:":"true", "version":"1737713431208"}}
{"logTime": "0204/031735", "correlationVector":"RI5IXu+0JYLXipkU7BrPCf.168","action":"GetUpdates", "result":"DeleteReceived", "context":{"id":"4b8e2d68-1275-423f-a6f6-cd4d96f16522", "isDeleted:":"true", "version":"1737713431209"}}
{"logTime": "0204/031735", "correlationVector":"RI5IXu+0JYLXipkU7BrPCf.169","action":"GetUpdates", "result":"DeleteReceived", "context":{"id":"79f111e1-f9e7-4aa6-83bd-66b852b33afb", "isDeleted:":"true", "version":"1737713431210"}}
{"logTime": "0204/031735", "correlationVector":"RI5IXu+0JYLXipkU7BrPCf.170","action":"GetUpdates", "result":"DeleteReceived", "context":{"id":"7ae2300c-91a6-459f-aca5-ea0e741582f5", "isDeleted:":"true", "version":"1737713431211"}}
{"logTime": "0204/031735", "correlationVector":"RI5IXu+0JYLXipkU7BrPCf.171","action":"GetUpdates", "result":"DeleteReceived", "context":{"id":"ee2c99fc-b351-49fa-a38e-79dbb71f900b", "isDeleted:":"true", "version":"1737713431212"}}
{"logTime": "0204/031735", "correlationVector":"RI5IXu+0JYLXipkU7BrPCf.172","action":"GetUpdates", "result":"DeleteReceived", "context":{"id":"5e3031de-1250-49d3-b6ed-e1f6af24f1d3", "isDeleted:":"true", "version":"1737713431213"}}
{"logTime": "0204/031735", "correlationVector":"RI5IXu+0JYLXipkU7BrPCf.173","action":"GetUpdates", "result":"DeleteReceived", "context":{"id":"0ab8ac55-228a-4d5c-a35b-ac0d7b2c3b23", "isDeleted:":"true", "version":"1737715648358"}}
{"logTime": "0204/031735", "correlationVector":"RI5IXu+0JYLXipkU7BrPCf.174","action":"GetUpdates", "result":"DeleteReceived", "context":{"id":"a31b4560-c159-4c95-bf8e-dfffec6e1593", "isDeleted:":"true", "version":"1737715652646"}}
{"logTime": "0204/031735", "correlationVector":"RI5IXu+0JYLXipkU7BrPCf.175","action":"GetUpdates", "result":"DeleteReceived", "context":{"id":"b1e6b3eb-06b0-4f17-8366-17c31960e318", "isDeleted:":"true", "version":"1737717105084"}}
{"logTime": "0204/031735", "correlationVector":"RI5IXu+0JYLXipkU7BrPCf.176","action":"GetUpdates", "result":"DeleteReceived", "context":{"id":"adae1c63-ebeb-42fc-a0c6-02d0a26d6638", "isDeleted:":"true", "version":"1737901803385"}}
{"logTime": "0204/031735", "correlationVector":"RI5IXu+0JYLXipkU7BrPCf.177","action":"GetUpdates", "result":"DeleteReceived", "context":{"id":"84674104-da72-44d2-851f-fe03d9fb7972", "isDeleted:":"true", "version":"1737901803386"}}
{"logTime": "0204/031735", "correlationVector":"RI5IXu+0JYLXipkU7BrPCf.178","action":"GetUpdates", "result":"DeleteReceived", "context":{"id":"00eeb62c-d974-4539-bb03-e4aad31e5a8d", "isDeleted:":"true", "version":"1737901803387"}}
{"logTime": "0204/031735", "correlationVector":"RI5IXu+0JYLXipkU7BrPCf.179","action":"GetUpdates", "result":"DeleteReceived", "context":{"id":"865e2897-8418-4107-be64-e15ea1481794", "isDeleted:":"true", "version":"1737901803389"}}
{"logTime": "0204/031735", "correlationVector":"RI5IXu+0JYLXipkU7BrPCf.180","action":"GetUpdates", "result":"DeleteReceived", "context":{"id":"9722556e-cf9a-43be-8b84-533ad414cc22", "isDeleted:":"true", "version":"1737901803391"}}
{"logTime": "0204/031735", "correlationVector":"RI5IXu+0JYLXipkU7BrPCf.181","action":"GetUpdates", "result":"DeleteReceived", "context":{"id":"17614065-fefe-46cb-a59d-ea482d9961be", "isDeleted:":"true", "version":"1737901803392"}}
{"logTime": "0204/031735", "correlationVector":"RI5IXu+0JYLXipkU7BrPCf.182","action":"GetUpdates", "result":"DeleteReceived", "context":{"id":"6e9e0f22-b6e9-4a2f-bb3e-408adc3c7df3", "isDeleted:":"true", "version":"1737901803393"}}
{"logTime": "0204/031735", "correlationVector":"RI5IXu+0JYLXipkU7BrPCf.183","action":"GetUpdates", "result":"DeleteReceived", "context":{"id":"4f57fdd6-4167-4c64-b6b6-612a534cc44f", "isDeleted:":"true", "version":"1737901803394"}}
{"logTime": "0204/031735", "correlationVector":"RI5IXu+0JYLXipkU7BrPCf.184","action":"GetUpdates", "result":"DeleteReceived", "context":{"id":"efd95ad1-ba86-439e-802b-18bef2356527", "isDeleted:":"true", "version":"1737901803395"}}
{"logTime": "0204/031735", "correlationVector":"RI5IXu+0JYLXipkU7BrPCf.185","action":"GetUpdates", "result":"DeleteReceived", "context":{"id":"b95b58c9-2d55-4ef4-b297-be10a544f45f", "isDeleted:":"true", "version":"1737901803396"}}
{"logTime": "0204/031735", "correlationVector":"RI5IXu+0JYLXipkU7BrPCf.186","action":"GetUpdates", "result":"DeleteReceived", "context":{"id":"8b6538fc-12a1-4587-a534-35f8c16c405b", "isDeleted:":"true", "version":"1737901803397"}}
{"logTime": "0204/031735", "correlationVector":"RI5IXu+0JYLXipkU7BrPCf.187","action":"GetUpdates", "result":"DeleteReceived", "context":{"id":"95bfd568-f7f3-4c25-91b4-3c3f82e08e78", "isDeleted:":"true", "version":"1737901803399"}}
{"logTime": "0204/031735", "correlationVector":"RI5IXu+0JYLXipkU7BrPCf.188","action":"GetUpdates", "result":"DeleteReceived", "context":{"id":"bb9cf74d-0b62-4f30-9245-e470e6638755", "isDeleted:":"true", "version":"1737902472249"}}
{"logTime": "0204/031735", "correlationVector":"RI5IXu+0JYLXipkU7BrPCf.189","action":"GetUpdates", "result":"DeleteReceived", "context":{"id":"e16cf4a4-64f3-4db4-99ad-4b2cc0a2a538", "isDeleted:":"true", "version":"1737911728220"}}
{"logTime": "0204/031735", "correlationVector":"RI5IXu+0JYLXipkU7BrPCf.190","action":"GetUpdates", "result":"DeleteReceived", "context":{"id":"01121154-0e0d-493b-a6c6-0f6aa9133250", "isDeleted:":"true", "version":"1737912448383"}}
{"logTime": "0204/031735", "correlationVector":"RI5IXu+0JYLXipkU7BrPCf.191","action":"GetUpdates", "result":"DeleteReceived", "context":{"id":"d15a36a5-d142-42ff-acbe-6f0dc1b19783", "isDeleted:":"true", "version":"1737912448387"}}
{"logTime": "0204/031735", "correlationVector":"RI5IXu+0JYLXipkU7BrPCf.192","action":"GetUpdates", "result":"DeleteReceived", "context":{"id":"d6306b19-acd0-430a-a94a-172fd50d1b2d", "isDeleted:":"true", "version":"1737912448388"}}
{"logTime": "0204/031735", "correlationVector":"RI5IXu+0JYLXipkU7BrPCf.193","action":"GetUpdates", "result":"DeleteReceived", "context":{"id":"bd3d129c-218b-43c0-9e7b-cd679aa0dba1", "isDeleted:":"true", "version":"1737912448389"}}
{"logTime": "0204/031735", "correlationVector":"RI5IXu+0JYLXipkU7BrPCf.194","action":"GetUpdates", "result":"DeleteReceived", "context":{"id":"56ba9a9d-3880-44ef-be26-174ddff2bd21", "isDeleted:":"true", "version":"1737947375279"}}
{"logTime": "0204/031735", "correlationVector":"RI5IXu+0JYLXipkU7BrPCf.195","action":"GetUpdates", "result":"DeleteReceived", "context":{"id":"38f7e054-232f-46d5-b667-5ad0e7441614", "isDeleted:":"true", "version":"1737947375280"}}
{"logTime": "0204/031735", "correlationVector":"RI5IXu+0JYLXipkU7BrPCf.196","action":"GetUpdates", "result":"DeleteReceived", "context":{"id":"01584195-17d9-4183-8e08-274aae0fc4db", "isDeleted:":"true", "version":"1737947375282"}}
{"logTime": "0204/031735", "correlationVector":"RI5IXu+0JYLXipkU7BrPCf.197","action":"GetUpdates", "result":"DeleteReceived", "context":{"id":"4f2f93cc-204e-44ac-916e-6881741baed9", "isDeleted:":"true", "version":"1737947375284"}}
{"logTime": "0204/031735", "correlationVector":"RI5IXu+0JYLXipkU7BrPCf.198","action":"GetUpdates", "result":"DeleteReceived", "context":{"id":"58579802-b887-472c-a5bb-f3d9ca1a3a1f", "isDeleted:":"true", "version":"1737947375285"}}
{"logTime": "0204/031735", "correlationVector":"RI5IXu+0JYLXipkU7BrPCf.199","action":"GetUpdates", "result":"DeleteReceived", "context":{"id":"30ec8cb5-33ec-4a7f-b92d-198c3a2cc2d4", "isDeleted:":"true", "version":"1737947375286"}}
{"logTime": "0204/031735", "correlationVector":"RI5IXu+0JYLXipkU7BrPCf.200","action":"GetUpdates", "result":"DeleteReceived", "context":{"id":"fa830dde-91f8-4308-acec-c088b4f77854", "isDeleted:":"true", "version":"1737947375287"}}
{"logTime": "0204/031735", "correlationVector":"RI5IXu+0JYLXipkU7BrPCf.201","action":"GetUpdates", "result":"DeleteReceived", "context":{"id":"e51d4e8a-e190-4712-b38a-9def1badbf44", "isDeleted:":"true", "version":"1737959721339"}}
{"logTime": "0204/031735", "correlationVector":"RI5IXu+0JYLXipkU7BrPCf.202","action":"GetUpdates", "result":"DeleteReceived", "context":{"id":"2b30c328-3a3f-45aa-b5ee-5ef24c16b460", "isDeleted:":"true", "version":"1737971985222"}}
{"logTime": "0204/031735", "correlationVector":"RI5IXu+0JYLXipkU7BrPCf.203","action":"GetUpdates", "result":"DeleteReceived", "context":{"id":"3a6ae05d-e055-48e4-87e5-92ffa3cb8449", "isDeleted:":"true", "version":"1738076609178"}}
{"logTime": "0204/031735", "correlationVector":"RI5IXu+0JYLXipkU7BrPCf.204","action":"GetUpdates", "result":"DeleteReceived", "context":{"id":"650da64a-6b09-4fb8-8fd3-98d05e1830af", "isDeleted:":"true", "version":"1738119592660"}}
{"logTime": "0204/031735", "correlationVector":"RI5IXu+0JYLXipkU7BrPCf.205","action":"GetUpdates", "result":"DeleteReceived", "context":{"id":"8dd07783-51c6-4c56-89d6-842c0ec71c90", "isDeleted:":"true", "version":"1738119592661"}}
{"logTime": "0204/031735", "correlationVector":"RI5IXu+0JYLXipkU7BrPCf.206","action":"GetUpdates", "result":"DeleteReceived", "context":{"id":"243e92cd-b07b-484f-9d58-b965026dd9c1", "isDeleted:":"true", "version":"1738119592662"}}
{"logTime": "0204/031735", "correlationVector":"RI5IXu+0JYLXipkU7BrPCf.207","action":"GetUpdates", "result":"DeleteReceived", "context":{"id":"0456207d-fe57-4097-8377-dd736a0ffbcb", "isDeleted:":"true", "version":"1738119592663"}}
{"logTime": "0204/031735", "correlationVector":"RI5IXu+0JYLXipkU7BrPCf.208","action":"GetUpdates", "result":"DeleteReceived", "context":{"id":"cbc877bd-a079-4fc4-9d0b-a646b9100652", "isDeleted:":"true", "version":"1738119592665"}}
{"logTime": "0204/031735", "correlationVector":"RI5IXu+0JYLXipkU7BrPCf.209","action":"GetUpdates", "result":"DeleteReceived", "context":{"id":"30b1e359-36ac-4a72-95a2-1dbc69d4c4f5", "isDeleted:":"true", "version":"1738119592666"}}
{"logTime": "0204/031735", "correlationVector":"RI5IXu+0JYLXipkU7BrPCf.210","action":"GetUpdates", "result":"DeleteReceived", "context":{"id":"f5933d7e-2afe-488c-bf39-6250a665b68f", "isDeleted:":"true", "version":"1738119592667"}}
{"logTime": "0204/031735", "correlationVector":"RI5IXu+0JYLXipkU7BrPCf.211","action":"GetUpdates", "result":"DeleteReceived", "context":{"id":"89d23434-1fc3-4a61-a441-2bcc74fc27f6", "isDeleted:":"true", "version":"1738119592668"}}
{"logTime": "0204/031735", "correlationVector":"RI5IXu+0JYLXipkU7BrPCf.212","action":"GetUpdates", "result":"DeleteReceived", "context":{"id":"11dcad96-1963-4c40-b53e-7ad720b11ca3", "isDeleted:":"true", "version":"1738119592670"}}
{"logTime": "0204/031735", "correlationVector":"RI5IXu+0JYLXipkU7BrPCf.213","action":"GetUpdates", "result":"DeleteReceived", "context":{"id":"4ede7d54-cab5-4700-b93e-f5adb5d0f919", "isDeleted:":"true", "version":"1738119592671"}}
{"logTime": "0204/031735", "correlationVector":"RI5IXu+0JYLXipkU7BrPCf.214","action":"GetUpdates", "result":"DeleteReceived", "context":{"id":"4ed604f8-29e8-4b2a-ba20-a57bab951bbf", "isDeleted:":"true", "version":"1738119592672"}}
{"logTime": "0204/031735", "correlationVector":"RI5IXu+0JYLXipkU7BrPCf.215","action":"GetUpdates", "result":"DeleteReceived", "context":{"id":"b5888114-f7cf-48ea-98ff-1def6b080aeb", "isDeleted:":"true", "version":"1738144714583"}}
{"logTime": "0204/031735", "correlationVector":"RI5IXu+0JYLXipkU7BrPCf.216","action":"GetUpdates", "result":"DeleteReceived", "context":{"id":"4a2231cf-817c-464a-bf2c-39115c5dcfd1", "isDeleted:":"true", "version":"1738151287872"}}
{"logTime": "0204/031735", "correlationVector":"RI5IXu+0JYLXipkU7BrPCf.217","action":"GetUpdates", "result":"DeleteReceived", "context":{"id":"d0928135-7b74-40ec-aa5b-3db1483285f8", "isDeleted:":"true", "version":"1738204288605"}}
{"logTime": "0204/031735", "correlationVector":"RI5IXu+0JYLXipkU7BrPCf.218","action":"GetUpdates", "result":"DeleteReceived", "context":{"id":"3cb1480d-fb90-4754-967b-d81ebee8e353", "isDeleted:":"true", "version":"1738204288607"}}
{"logTime": "0204/031735", "correlationVector":"RI5IXu+0JYLXipkU7BrPCf.219","action":"GetUpdates", "result":"DeleteReceived", "context":{"id":"c5e2dd10-aa97-4e14-a5e4-21a9c46f900a", "isDeleted:":"true", "version":"1738204288609"}}
{"logTime": "0204/031735", "correlationVector":"RI5IXu+0JYLXipkU7BrPCf.220","action":"GetUpdates", "result":"DeleteReceived", "context":{"id":"30ab9aea-1b10-40a7-83b9-ee7711be5e98", "isDeleted:":"true", "version":"1738216545232"}}
{"logTime": "0204/031735", "correlationVector":"RI5IXu+0JYLXipkU7BrPCf.221","action":"GetUpdates", "result":"DeleteReceived", "context":{"id":"acc1ad6d-355a-47b3-838b-448cf5d06011", "isDeleted:":"true", "version":"1738219271976"}}
{"logTime": "0204/031735", "correlationVector":"RI5IXu+0JYLXipkU7BrPCf.222","action":"GetUpdates", "result":"DeleteReceived", "context":{"id":"56fb6510-193c-4b65-9efc-659a9fca50a4", "isDeleted:":"true", "version":"1735739086536"}}
{"logTime": "0204/031735", "correlationVector":"RI5IXu+0JYLXipkU7BrPCf.223","action":"GetUpdates Response", "result":"Success", "context":Received 250 update(s). cV=RI5IXu+0JYLXipkU7BrPCf.0;server=akswtt00400001d;cloudType=Consumer;environment=Prod_southeastasia_prod-s01-064-apac-southeastasia;migrationStage=NotStarted Some updates remain.}
{"logTime": "0204/031735", "correlationVector":"E59wEhht4EdU+XJXKrnmgN","action":"Initial GetUpdates", "result":"", "context":Reason: NEWLY_SUPPORTED_DATATYPE. cV=E59wEhht4EdU+XJXKrnmgN}
{"logTime": "0204/031736", "correlationVector":"E59wEhht4EdU+XJXKrnmgN.1","action":"SyncServerConnectionManagerRequest", "result":"SYNC_SERVER_OK", "context":{"environment":"Prod_southeastasia_prod-s01-064-apac-southeastasia", "migrationStage":"NotStarted", "server":"akswtt004000025"}}
{"logTime": "0204/031736", "correlationVector":"E59wEhht4EdU+XJXKrnmgN.2","action":"GetUpdates", "result":"DeleteReceived", "context":{"id":"a70ebbfb-1ee6-48e5-a1b9-d0dce814222d", "isDeleted:":"true", "version":"1738226261957"}}
{"logTime": "0204/031736", "correlationVector":"E59wEhht4EdU+XJXKrnmgN.3","action":"GetUpdates", "result":"DeleteReceived", "context":{"id":"a654dc72-e621-42f9-8309-62e4745dd5f5", "isDeleted:":"true", "version":"1738226731295"}}
{"logTime": "0204/031736", "correlationVector":"E59wEhht4EdU+XJXKrnmgN.4","action":"GetUpdates", "result":"DeleteReceived", "context":{"id":"625f06e7-e75c-41ac-b526-e4111a9aa014", "isDeleted:":"true", "version":"1738227335090"}}
{"logTime": "0204/031736", "correlationVector":"E59wEhht4EdU+XJXKrnmgN.5","action":"GetUpdates", "result":"DeleteReceived", "context":{"id":"6b616799-fe9a-4bb7-80ff-392cc31bbd1a", "isDeleted:":"true", "version":"1738227555764"}}
{"logTime": "0204/031736", "correlationVector":"E59wEhht4EdU+XJXKrnmgN.6","action":"GetUpdates", "result":"DeleteReceived", "context":{"id":"3470d03c-e43d-4f26-9ae9-40a141d046da", "isDeleted:":"true", "version":"1738227665213"}}
{"logTime": "0204/031736", "correlationVector":"E59wEhht4EdU+XJXKrnmgN.7","action":"GetUpdates", "result":"DeleteReceived", "context":{"id":"409aa4db-0833-40da-82d7-fbb0140cbe87", "isDeleted:":"true", "version":"1738227759698"}}
{"logTime": "0204/031736", "correlationVector":"E59wEhht4EdU+XJXKrnmgN.8","action":"GetUpdates", "result":"DeleteReceived", "context":{"id":"80f90069-3578-420b-9f94-8bbce1f11658", "isDeleted:":"true", "version":"1738228526592"}}
{"logTime": "0204/031736", "correlationVector":"E59wEhht4EdU+XJXKrnmgN.9","action":"GetUpdates", "result":"DeleteReceived", "context":{"id":"88cb137b-65ad-435f-b463-ef43b3a16c69", "isDeleted:":"true", "version":"1738230431161"}}
{"logTime": "0204/031736", "correlationVector":"E59wEhht4EdU+XJXKrnmgN.10","action":"GetUpdates", "result":"DeleteReceived", "context":{"id":"088b6033-5c6a-4f50-8a92-ef8ae06a6a15", "isDeleted:":"true", "version":"1738235130437"}}
{"logTime": "0204/031736", "correlationVector":"E59wEhht4EdU+XJXKrnmgN.11","action":"GetUpdates", "result":"DeleteReceived", "context":{"id":"713d82ea-bd91-42be-8522-c7409cda6553", "isDeleted:":"true", "version":"1738238551037"}}
{"logTime": "0204/031736", "correlationVector":"E59wEhht4EdU+XJXKrnmgN.12","action":"GetUpdates", "result":"DeleteReceived", "context":{"id":"2f4bc668-8c84-4b7c-a749-05bc8daf51b0", "isDeleted:":"true", "version":"1738241459057"}}
{"logTime": "0204/031736", "correlationVector":"E59wEhht4EdU+XJXKrnmgN.13","action":"GetUpdates", "result":"DeleteReceived", "context":{"id":"48957518-f417-40e7-8804-95ac57af9cc4", "isDeleted:":"true", "version":"1738332054998"}}
{"logTime": "0204/031736", "correlationVector":"E59wEhht4EdU+XJXKrnmgN.14","action":"GetUpdates", "result":"DeleteReceived", "context":{"id":"25eb1ff9-5410-4a68-b6e8-c526266aa18c", "isDeleted:":"true", "version":"1738332054999"}}
{"logTime": "0204/031736", "correlationVector":"E59wEhht4EdU+XJXKrnmgN.15","action":"GetUpdates", "result":"DeleteReceived", "context":{"id":"ba59c0fe-902c-4d1b-a73c-3befb055f96d", "isDeleted:":"true", "version":"1738379211767"}}
{"logTime": "0204/031736", "correlationVector":"E59wEhht4EdU+XJXKrnmgN.16","action":"GetUpdates", "result":"DeleteReceived", "context":{"id":"5764bbe8-9d8b-4ab4-a45b-002ce1863981", "isDeleted:":"true", "version":"1738390786871"}}
{"logTime": "0204/031736", "correlationVector":"E59wEhht4EdU+XJXKrnmgN.17","action":"GetUpdates", "result":"DeleteReceived", "context":{"id":"4c8175ec-c42f-4d2b-bab2-2e0da022636d", "isDeleted:":"true", "version":"1738391845393"}}
{"logTime": "0204/031736", "correlationVector":"E59wEhht4EdU+XJXKrnmgN.18","action":"GetUpdates", "result":"DeleteReceived", "context":{"id":"f4059cd4-5f7e-41f5-bccd-f9bbc6110b8a", "isDeleted:":"true", "version":"1738477256774"}}
{"logTime": "0204/031736", "correlationVector":"E59wEhht4EdU+XJXKrnmgN.19","action":"GetUpdates", "result":"DeleteReceived", "context":{"id":"9ded2050-8c44-4062-be8f-b7ded0aea6d2", "isDeleted:":"true", "version":"1738477256775"}}
{"logTime": "0204/031736", "correlationVector":"E59wEhht4EdU+XJXKrnmgN.20","action":"GetUpdates", "result":"DeleteReceived", "context":{"id":"83235129-ff6f-4ef3-b63f-f49d4c975abe", "isDeleted:":"true", "version":"1738559109589"}}
{"logTime": "0204/031736", "correlationVector":"E59wEhht4EdU+XJXKrnmgN.21","action":"GetUpdates", "result":"DeleteReceived", "context":{"id":"e947e688-01e0-47a8-9931-1959623abdd7", "isDeleted:":"true", "version":"1738559109591"}}
{"logTime": "0204/031736", "correlationVector":"E59wEhht4EdU+XJXKrnmgN.22","action":"GetUpdates", "result":"DeleteReceived", "context":{"id":"7cfaad26-fbb6-4af6-8286-2a6cc62e6f63", "isDeleted:":"true", "version":"1738561956190"}}
{"logTime": "0204/031736", "correlationVector":"E59wEhht4EdU+XJXKrnmgN.23","action":"GetUpdates", "result":"DeleteReceived", "context":{"id":"f587647c-0970-4bf5-9970-599577eafd83", "isDeleted:":"true", "version":"1738561956191"}}
{"logTime": "0204/031736", "correlationVector":"E59wEhht4EdU+XJXKrnmgN.24","action":"GetUpdates", "result":"DeleteReceived", "context":{"id":"72d82b19-9223-4a0c-99e0-ca65a1e9b427", "isDeleted:":"true", "version":"1738562845296"}}
{"logTime": "0204/031736", "correlationVector":"E59wEhht4EdU+XJXKrnmgN.25","action":"GetUpdates", "result":"DeleteReceived", "context":{"id":"e4978479-7dba-439a-8849-68df53d5cba0", "isDeleted:":"true", "version":"1738563704500"}}
{"logTime": "0204/031736", "correlationVector":"E59wEhht4EdU+XJXKrnmgN.26","action":"GetUpdates", "result":"DeleteReceived", "context":{"id":"d5fcbf59-ec9e-4205-a7d7-120fd94f042f", "isDeleted:":"true", "version":"1738602625547"}}
{"logTime": "0204/031736", "correlationVector":"E59wEhht4EdU+XJXKrnmgN.27","action":"GetUpdates", "result":"DeleteReceived", "context":{"id":"3227e119-7daa-4607-9b22-022e31800ccf", "isDeleted:":"true", "version":"1738603925977"}}
{"logTime": "0204/031736", "correlationVector":"E59wEhht4EdU+XJXKrnmgN.28","action":"GetUpdates", "result":"DeleteReceived", "context":{"id":"6f3217d2-45b9-4e21-8c12-7962149320e2", "isDeleted:":"true", "version":"1738603925979"}}
{"logTime": "0204/031736", "correlationVector":"E59wEhht4EdU+XJXKrnmgN.29","action":"GetUpdates", "result":"DeleteReceived", "context":{"id":"ff3d0a40-c7bd-459d-82ec-f3fecf1c8bc5", "isDeleted:":"true", "version":"1738604050708"}}
{"logTime": "0204/031736", "correlationVector":"E59wEhht4EdU+XJXKrnmgN.30","action":"GetUpdates", "result":"DeleteReceived", "context":{"id":"8143bc23-a116-4cd1-a6b2-76945dbd487c", "isDeleted:":"true", "version":"1738604125078"}}
{"logTime": "0204/031736", "correlationVector":"E59wEhht4EdU+XJXKrnmgN.31","action":"GetUpdates", "result":"DeleteReceived", "context":{"id":"75b9ee5d-6b66-4fe2-89a5-2d2fc480a9e3", "isDeleted:":"true", "version":"1738604125080"}}
{"logTime": "0204/031736", "correlationVector":"E59wEhht4EdU+XJXKrnmgN.32","action":"GetUpdates", "result":"DeleteReceived", "context":{"id":"5f553475-bb74-4bd9-afe4-f613661e1931", "isDeleted:":"true", "version":"1738604678317"}}
{"logTime": "0204/031736", "correlationVector":"E59wEhht4EdU+XJXKrnmgN.33","action":"GetUpdates", "result":"DeleteReceived", "context":{"id":"68c3320a-955a-4c1c-8447-9c77ed3fab1e", "isDeleted:":"true", "version":"1738604678318"}}
{"logTime": "0204/031736", "correlationVector":"E59wEhht4EdU+XJXKrnmgN.34","action":"GetUpdates Response", "result":"Success", "context":Received 40 update(s). cV=E59wEhht4EdU+XJXKrnmgN.0;server=akswtt004000025;cloudType=Consumer;environment=Prod_southeastasia_prod-s01-064-apac-southeastasia;migrationStage=NotStarted}
{"logTime": "0204/031736", "correlationVector":"tbODzEEV9+H1M5cMR9OBu5","action":"Initial GetUpdates", "result":"", "context":Reason: NEWLY_SUPPORTED_DATATYPE. cV=tbODzEEV9+H1M5cMR9OBu5}
{"logTime": "0204/031736", "correlationVector":"tbODzEEV9+H1M5cMR9OBu5.1","action":"SyncServerConnectionManagerRequest", "result":"SYNC_SERVER_OK", "context":{"environment":"Prod_southeastasia_prod-s01-064-apac-southeastasia", "migrationStage":"NotStarted", "server":"akswtt00400000k"}}
{"logTime": "0204/031736", "correlationVector":"tbODzEEV9+H1M5cMR9OBu5.2","action":"GetUpdates Response", "result":"Success", "context":Received 113 update(s). cV=tbODzEEV9+H1M5cMR9OBu5.0;server=akswtt00400000k;cloudType=Consumer;environment=Prod_southeastasia_prod-s01-064-apac-southeastasia;migrationStage=NotStarted}
{"logTime": "0204/031736", "correlationVector":"ESWmAEr/LybdaeJY4vajPU","action":"Normal GetUpdate request", "result":"", "context":cV=ESWmAEr/LybdaeJY4vajPU
Nudged types: Bookmarks, Preferences, Sessions, Device Info, User Consents
Refresh requested types: Bookmarks, Preferences, Passwords, Autofill Profiles, Autofill, Extensions, Sessions, Extension settings, History Delete Directives, Device Info, User Consents, Send Tab To Self, Web Apps, History, Collection, Edge E Drop, Edge Hub App Usage, Edge Tab Group, Edge Wallet, Encryption Keys}
{"logTime": "0204/031737", "correlationVector":"ESWmAEr/LybdaeJY4vajPU.1","action":"SyncServerConnectionManagerRequest", "result":"SYNC_SERVER_OK", "context":{"environment":"Prod_southeastasia_prod-s01-064-apac-southeastasia", "migrationStage":"NotStarted", "server":"akswtt00400002h"}}
{"logTime": "0204/031737", "correlationVector":"ESWmAEr/LybdaeJY4vajPU.2","action":"GetUpdates Response", "result":"Success", "context":Received 0 update(s). cV=ESWmAEr/LybdaeJY4vajPU.0;server=akswtt00400002h;cloudType=Consumer;environment=Prod_southeastasia_prod-s01-064-apac-southeastasia;migrationStage=NotStarted}
{"logTime": "0204/031737", "correlationVector":"vtV+LbjVjphxlbFyU9GEh3","action":"Commit Request", "result":"", "context":Item count: 40
Contributing types: Bookmarks, Device Info}
{"logTime": "0204/031740", "correlationVector":"vtV+LbjVjphxlbFyU9GEh3.1","action":"SyncServerConnectionManagerRequest", "result":"SYNC_SERVER_OK", "context":{"environment":"Prod_southeastasia_prod-s01-064-apac-southeastasia", "migrationStage":"NotStarted", "server":"akswtt00400001j"}}
{"logTime": "0204/031740", "correlationVector":"vtV+LbjVjphxlbFyU9GEh3.2","action":"Commit Response", "result":"Success", "context":Result: Success. cV=vtV+LbjVjphxlbFyU9GEh3.0;server=akswtt00400001j;cloudType=Consumer;environment=Prod_southeastasia_prod-s01-064-apac-southeastasia;migrationStage=NotStarted}
{"logTime": "0204/031740", "correlationVector":"K/O5oie7/+QfX1DZZaFfhq","action":"Commit Request", "result":"", "context":Item count: 40
Contributing types: Bookmarks}
{"logTime": "0204/031744", "correlationVector":"K/O5oie7/+QfX1DZZaFfhq.1","action":"SyncServerConnectionManagerRequest", "result":"SYNC_SERVER_OK", "context":{"environment":"Prod_southeastasia_prod-s01-064-apac-southeastasia", "migrationStage":"NotStarted", "server":"akswtt00400001w"}}
{"logTime": "0204/031744", "correlationVector":"K/O5oie7/+QfX1DZZaFfhq.2","action":"Commit Response", "result":"Success", "context":Result: Success. cV=K/O5oie7/+QfX1DZZaFfhq.0;server=akswtt00400001w;cloudType=Consumer;environment=Prod_southeastasia_prod-s01-064-apac-southeastasia;migrationStage=NotStarted}
{"logTime": "0204/031744", "correlationVector":"DITx3vmoz5OimWAKb4gZMS","action":"Commit Request", "result":"", "context":Item count: 40
Contributing types: Bookmarks}
{"logTime": "0204/031749", "correlationVector":"DITx3vmoz5OimWAKb4gZMS.1","action":"SyncServerConnectionManagerRequest", "result":"SYNC_SERVER_OK", "context":{"environment":"Prod_southeastasia_prod-s01-064-apac-southeastasia", "migrationStage":"NotStarted", "server":"akswtt004000029"}}
{"logTime": "0204/031749", "correlationVector":"DITx3vmoz5OimWAKb4gZMS.2","action":"Commit Response", "result":"Success", "context":Result: Success. cV=DITx3vmoz5OimWAKb4gZMS.0;server=akswtt004000029;cloudType=Consumer;environment=Prod_southeastasia_prod-s01-064-apac-southeastasia;migrationStage=NotStarted}
{"logTime": "0204/031749", "correlationVector":"q1ljy0aF8EmKf2m9BnpFDK","action":"Commit Request", "result":"", "context":Item count: 40
Contributing types: Bookmarks}
{"logTime": "0204/031753", "correlationVector":"q1ljy0aF8EmKf2m9BnpFDK.1","action":"SyncServerConnectionManagerRequest", "result":"SYNC_SERVER_OK", "context":{"environment":"Prod_southeastasia_prod-s01-064-apac-southeastasia", "migrationStage":"NotStarted", "server":"akswtt00400002a"}}
{"logTime": "0204/031753", "correlationVector":"q1ljy0aF8EmKf2m9BnpFDK.2","action":"Commit Response", "result":"Success", "context":Result: Success. cV=q1ljy0aF8EmKf2m9BnpFDK.0;server=akswtt00400002a;cloudType=Consumer;environment=Prod_southeastasia_prod-s01-064-apac-southeastasia;migrationStage=NotStarted}
{"logTime": "0204/031753", "correlationVector":"Lt2DLqIhGgpfeIvEfzw714","action":"Commit Request", "result":"", "context":Item count: 7
Contributing types: Bookmarks, Preferences, Sessions, User Consents}
{"logTime": "0204/031754", "correlationVector":"Lt2DLqIhGgpfeIvEfzw714.1","action":"SyncServerConnectionManagerRequest", "result":"SYNC_SERVER_OK", "context":{"environment":"Prod_southeastasia_prod-s01-064-apac-southeastasia", "migrationStage":"NotStarted", "server":"akswtt004000021"}}
{"logTime": "0204/031754", "correlationVector":"Lt2DLqIhGgpfeIvEfzw714.2","action":"Commit Response", "result":"Success", "context":Result: Success. cV=Lt2DLqIhGgpfeIvEfzw714.0;server=akswtt004000021;cloudType=Consumer;environment=Prod_southeastasia_prod-s01-064-apac-southeastasia;migrationStage=NotStarted}
{"logTime": "0204/031917", "correlationVector":"+HsJrd5EQnbNJ4mQRg+lXL","action":"Normal GetUpdate request", "result":"", "context":cV=+HsJrd5EQnbNJ4mQRg+lXL
Notified types: History}
{"logTime": "0204/031920", "correlationVector":"+HsJrd5EQnbNJ4mQRg+lXL.1","action":"SyncServerConnectionManagerRequest", "result":"SYNC_SERVER_OK", "context":{"environment":"Prod_southeastasia_prod-s01-064-apac-southeastasia", "migrationStage":"NotStarted", "server":"akswtt00400000s"}}
{"logTime": "0204/031920", "correlationVector":"+HsJrd5EQnbNJ4mQRg+lXL.2","action":"GetUpdates Response", "result":"Success", "context":Received 169 update(s). cV=+HsJrd5EQnbNJ4mQRg+lXL.0;server=akswtt00400000s;cloudType=Consumer;environment=Prod_southeastasia_prod-s01-064-apac-southeastasia;migrationStage=NotStarted}
{"logTime": "0204/031920", "correlationVector":"suwYLf0kIwX2BPKApgkJrZ","action":"DoCompareDataConsistency requsted types: ", "result":"Bookmarks, Preferences, Passwords, Extensions, Extension settings, History Delete Directives, Send Tab To Self, Web Apps, History, Collection, Edge E Drop, Edge Tab Group, Edge Wallet, Encryption Keys"}
{"logTime": "0204/031920", "correlationVector":"suwYLf0kIwX2BPKApgkJrZ.0","action":"CompareDataConsistency result: ", "result":"Compare result: Encryption Keys is consistent. local entities count is: 1 local entities hash is: Nalc9An0SproCbdXwtjt8qSVDdA="}
{"logTime": "0204/031920", "correlationVector":"suwYLf0kIwX2BPKApgkJrZ.1","action":"CompareDataConsistency result: ", "result":"Compare result: Bookmarks is consistent. local entities count is: 171 local entities hash is: HlW5LOq/P218Wcvk9P7EegsdSZM="}
{"logTime": "0204/031920", "correlationVector":"suwYLf0kIwX2BPKApgkJrZ.2","action":"CompareDataConsistency result: ", "result":"Compare result: Preferences is consistent. local entities count is: 72 local entities hash is: 8CG1cG5t1sFOeFbOvohX6h1ceFo="}
{"logTime": "0204/031920", "correlationVector":"suwYLf0kIwX2BPKApgkJrZ.3","action":"CompareDataConsistency result: ", "result":"Compare result: Extensions is consistent. local entities count is: 3 local entities hash is: PT8DgJep9OsaOWEFcgpPEmnA89Q="}
{"logTime": "0204/031920", "correlationVector":"suwYLf0kIwX2BPKApgkJrZ.4","action":"CompareDataConsistency result: ", "result":"Compare result: Extension settings is consistent. local entities count is: 11 local entities hash is: B2fcdvOkfYZ3upjbiNyrD7VVr+U="}
{"logTime": "0204/031920", "correlationVector":"suwYLf0kIwX2BPKApgkJrZ.5","action":"CompareDataConsistency result: ", "result":"Compare result: History Delete Directives is consistent. local entities count is: 0 local entities hash is: "}
{"logTime": "0204/031920", "correlationVector":"suwYLf0kIwX2BPKApgkJrZ.6","action":"CompareDataConsistency result: ", "result":"Server did not send this Send Tab To Self local entities count is: 0 local entities hash is: "}
{"logTime": "0204/031920", "correlationVector":"suwYLf0kIwX2BPKApgkJrZ.7","action":"CompareDataConsistency result: ", "result":"Compare result: Web Apps is consistent. local entities count is: 0 local entities hash is: "}
{"logTime": "0204/031920", "correlationVector":"suwYLf0kIwX2BPKApgkJrZ.8","action":"CompareDataConsistency result: ", "result":"Server did not send this History local entities count is: 0 local entities hash is: "}
{"logTime": "0204/031920", "correlationVector":"suwYLf0kIwX2BPKApgkJrZ.9","action":"CompareDataConsistency result: ", "result":"Compare result: Collection is consistent. local entities count is: 0 local entities hash is: "}
{"logTime": "0204/031920", "correlationVector":"suwYLf0kIwX2BPKApgkJrZ.10","action":"CompareDataConsistency result: ", "result":"Compare result: Edge E Drop is consistent. local entities count is: 0 local entities hash is: "}
{"logTime": "0204/031920", "correlationVector":"suwYLf0kIwX2BPKApgkJrZ.11","action":"CompareDataConsistency result: ", "result":"Compare result: Edge Tab Group is consistent. local entities count is: 0 local entities hash is: "}
{"logTime": "0204/031920", "correlationVector":"suwYLf0kIwX2BPKApgkJrZ.12","action":"CompareDataConsistency result: ", "result":"Compare result: Edge Wallet is consistent. local entities count is: 0 local entities hash is: "}
{"logTime": "0204/031920", "correlationVector":"suwYLf0kIwX2BPKApgkJrZ.13","action":"CompareDataConsistency result: ", "result":"Compare result: Passwords is consistent. local entities count is: 69 local entities hash is: euKko34uATih4WsOQDWGfI4Wp0w="}
{"logTime": "0204/031920", "correlationVector":"","action":"DIAGNOSTIC_REQUEST|v1/diagnosticData/Diagnostic.SendCheckResult()|SUCCESS", "result":""}
{"logTime": "0204/032703", "correlationVector":"kib3etQAmDDXBmC2NwQd8J","action":"Normal GetUpdate request", "result":"", "context":cV=kib3etQAmDDXBmC2NwQd8J
Notified types: History}
{"logTime": "0204/032704", "correlationVector":"kib3etQAmDDXBmC2NwQd8J.1","action":"SyncServerConnectionManagerRequest", "result":"SYNC_SERVER_OK", "context":{"environment":"Prod_southeastasia_prod-s01-064-apac-southeastasia", "migrationStage":"NotStarted", "server":"akswtt004000035"}}
{"logTime": "0204/032704", "correlationVector":"kib3etQAmDDXBmC2NwQd8J.2","action":"GetUpdates Response", "result":"Success", "context":Received 4 update(s). cV=kib3etQAmDDXBmC2NwQd8J.0;server=akswtt004000035;cloudType=Consumer;environment=Prod_southeastasia_prod-s01-064-apac-southeastasia;migrationStage=NotStarted}
{"logTime": "0204/032827", "correlationVector":"w3DtCPRRQxPDn4KxETKKSf","action":"Commit Request", "result":"", "context":Item count: 1
Contributing types: Sessions}
{"logTime": "0204/032827", "correlationVector":"w3DtCPRRQxPDn4KxETKKSf.1","action":"SyncServerConnectionManagerRequest", "result":"SYNC_SERVER_OK", "context":{"environment":"Prod_southeastasia_prod-s01-064-apac-southeastasia", "migrationStage":"NotStarted", "server":"akswtt00400002v"}}
{"logTime": "0204/032827", "correlationVector":"w3DtCPRRQxPDn4KxETKKSf.2","action":"Commit Response", "result":"Success", "context":Result: Success. cV=w3DtCPRRQxPDn4KxETKKSf.0;server=akswtt00400002v;cloudType=Consumer;environment=Prod_southeastasia_prod-s01-064-apac-southeastasia;migrationStage=NotStarted}
{"logTime": "0204/033819", "correlationVector":"8FpfRllA71qME9uTYDHBtU.1","action":"SyncServerConnectionManagerRequest", "result":"SYNC_SERVER_OK", "context":{"environment":"Prod_southeastasia_prod-s01-065-apac-southeastasia", "migrationStage":"NotStarted", "server":"akswtt00400001k"}}
{"logTime": "0204/033820", "correlationVector":"ZZNjC/etIDNcGn+NFGoTLc","action":"SyncServerConnectionManagerRequest", "result":"SYNC_SERVER_OK", "context":{"environment":"", "migrationStage":"", "server":""}}
{"logTime": "0204/033820", "correlationVector":"8FpfRllA71qME9uTYDHBtU","action":"Initial GetUpdates", "result":"", "context":Reason: NEW_CLIENT. cV=8FpfRllA71qME9uTYDHBtU}
{"logTime": "0204/033820", "correlationVector":"8FpfRllA71qME9uTYDHBtU.2","action":"GetUpdates Response", "result":"Success", "context":Received 1 update(s). cV=8FpfRllA71qME9uTYDHBtU.0;server=akswtt00400001k;cloudType=Consumer;environment=Prod_southeastasia_prod-s01-065-apac-southeastasia;migrationStage=NotStarted}
{"logTime": "0204/033820", "correlationVector":"IL4Pbwc8rgjKVgKF8bTLeG","action":"Initial GetUpdates", "result":"", "context":Reason: NEWLY_SUPPORTED_DATATYPE. cV=IL4Pbwc8rgjKVgKF8bTLeG}
{"logTime": "0204/033820", "correlationVector":"IL4Pbwc8rgjKVgKF8bTLeG.1","action":"SyncServerConnectionManagerRequest", "result":"SYNC_SERVER_OK", "context":{"environment":"Prod_southeastasia_prod-s01-065-apac-southeastasia", "migrationStage":"NotStarted", "server":"akswtt00400001e"}}
{"logTime": "0204/033820", "correlationVector":"IL4Pbwc8rgjKVgKF8bTLeG.2","action":"GetUpdates", "result":"DeleteReceived", "context":{"id":"ae7e40f1-7119-48b1-9d83-3cb9719c6d06", "isDeleted:":"true", "version":"1712660079895"}}
{"logTime": "0204/033820", "correlationVector":"IL4Pbwc8rgjKVgKF8bTLeG.3","action":"GetUpdates", "result":"DeleteReceived", "context":{"id":"c01f8f53-7f14-4dae-ad95-3d30e9acb9a5", "isDeleted:":"true", "version":"1718027813526"}}
{"logTime": "0204/033820", "correlationVector":"IL4Pbwc8rgjKVgKF8bTLeG.4","action":"GetUpdates Response", "result":"Success", "context":Received 71 update(s). cV=IL4Pbwc8rgjKVgKF8bTLeG.0;server=akswtt00400001e;cloudType=Consumer;environment=Prod_southeastasia_prod-s01-065-apac-southeastasia;migrationStage=NotStarted}
{"logTime": "0204/033820", "correlationVector":"S/jl1MbDAn7p3RSpiOwZDs","action":"Normal GetUpdate request", "result":"", "context":cV=S/jl1MbDAn7p3RSpiOwZDs
Nudged types: Sessions, History
Refresh requested types: Bookmarks, Preferences, Passwords, Autofill Profiles, Autofill, Extensions, Sessions, Extension settings, History Delete Directives, Device Info, User Consents, Send Tab To Self, Web Apps, History, Collection, Edge E Drop, Edge Hub App Usage, Edge Tab Group, Edge Wallet, Encryption Keys}
{"logTime": "0204/033821", "correlationVector":"S/jl1MbDAn7p3RSpiOwZDs.1","action":"SyncServerConnectionManagerRequest", "result":"SYNC_SERVER_OK", "context":{"environment":"Prod_southeastasia_prod-s01-065-apac-southeastasia", "migrationStage":"NotStarted", "server":"akswtt00400001s"}}
{"logTime": "0204/033821", "correlationVector":"S/jl1MbDAn7p3RSpiOwZDs.2","action":"GetUpdates Response", "result":"Success", "context":Received 2 update(s). cV=S/jl1MbDAn7p3RSpiOwZDs.0;server=akswtt00400001s;cloudType=Consumer;environment=Prod_southeastasia_prod-s01-065-apac-southeastasia;migrationStage=NotStarted}
{"logTime": "0204/033821", "correlationVector":"vzo72doT7isCdc9YxPG48V","action":"Commit Request", "result":"", "context":Item count: 4
Contributing types: Sessions, History}
{"logTime": "0204/033822", "correlationVector":"vzo72doT7isCdc9YxPG48V.1","action":"SyncServerConnectionManagerRequest", "result":"SYNC_SERVER_OK", "context":{"environment":"Prod_southeastasia_prod-s01-065-apac-southeastasia", "migrationStage":"NotStarted", "server":"akswtt00400001x"}}
{"logTime": "0204/033822", "correlationVector":"vzo72doT7isCdc9YxPG48V.2","action":"Commit Response", "result":"Success", "context":Result: Success. cV=vzo72doT7isCdc9YxPG48V.0;server=akswtt00400001x;cloudType=Consumer;environment=Prod_southeastasia_prod-s01-065-apac-southeastasia;migrationStage=NotStarted}
{"logTime": "0204/033827", "correlationVector":"Rr2Fpumg9uMqBvLEWH0waK","action":"Commit Request", "result":"", "context":Item count: 9
Contributing types: Preferences, Sessions, History}
{"logTime": "0204/033828", "correlationVector":"Rr2Fpumg9uMqBvLEWH0waK.1","action":"SyncServerConnectionManagerRequest", "result":"SYNC_SERVER_OK", "context":{"environment":"Prod_southeastasia_prod-s01-065-apac-southeastasia", "migrationStage":"NotStarted", "server":"akswtt00400000h"}}
{"logTime": "0204/033828", "correlationVector":"Rr2Fpumg9uMqBvLEWH0waK.2","action":"Commit Response", "result":"Success", "context":Result: Success. cV=Rr2Fpumg9uMqBvLEWH0waK.0;server=akswtt00400000h;cloudType=Consumer;environment=Prod_southeastasia_prod-s01-065-apac-southeastasia;migrationStage=NotStarted}
{"logTime": "0204/033828", "correlationVector":"Rr2Fpumg9uMqBvLEWH0waK.3","action":"Commit.Sessions", "result":"Success", "context":{"id":"3a548561-2b6c-4a1e-9396-ebcfec1bb85b", "isDeleted":"true", "size":"0", "version":"1738640301121"}}
