2025-02-04 03:17:23.137: [INFO][Sync] Reset engine, reason: 8
2025-02-04 03:17:23.137: [INFO][Sync] Stopped: Bookmarks
2025-02-04 03:17:23.137: [INFO][Sync] Stopped: Preferences
2025-02-04 03:17:23.137: [INFO][Sync] Stopped: Passwords
2025-02-04 03:17:23.137: [INFO][Sync] Stopped: Autofill Profiles
2025-02-04 03:17:23.137: [INFO][Sync] Stopped: Autofill
2025-02-04 03:17:23.137: [INFO][Sync] Stopped: Extensions
2025-02-04 03:17:23.137: [INFO][Sync] Stopped: Sessions
2025-02-04 03:17:23.137: [INFO][Sync] Stopped: Extension settings
2025-02-04 03:17:23.137: [INFO][Sync] Stopped: History Delete Directives
2025-02-04 03:17:23.137: [INFO][Sync] Stopped: Device Info
2025-02-04 03:17:23.137: [INFO][Sync] Stopped: User Consents
2025-02-04 03:17:23.137: [INFO][Sync] Stopped: Send Tab To Self
2025-02-04 03:17:23.137: [INFO][Sync] Stopped: Web Apps
2025-02-04 03:17:23.137: [INFO][Sync] Stopped: History
2025-02-04 03:17:23.137: [INFO][Sync] Stopped: Collection
2025-02-04 03:17:23.137: [INFO][Sync] Stopped: Edge E Drop
2025-02-04 03:17:23.137: [INFO][Sync] Stopped: Edge Hub App Usage
2025-02-04 03:17:23.137: [INFO][Sync] Stopped: Edge Tab Group
2025-02-04 03:17:23.137: [INFO][Sync] Stopped: Edge Wallet
2025-02-04 03:17:23.137: [INFO][Sync] SyncState after authenticated was: NotSignedIn
2025-02-04 03:17:23.387: [INFO][Sync] Reset engine, reason: 8
2025-02-04 03:17:23.387: [INFO][Sync] Stopped: Bookmarks
2025-02-04 03:17:23.387: [INFO][Sync] Stopped: Preferences
2025-02-04 03:17:23.387: [INFO][Sync] Stopped: Passwords
2025-02-04 03:17:23.387: [INFO][Sync] Stopped: Autofill Profiles
2025-02-04 03:17:23.387: [INFO][Sync] Stopped: Autofill
2025-02-04 03:17:23.387: [INFO][Sync] Stopped: Extensions
2025-02-04 03:17:23.387: [INFO][Sync] Stopped: Sessions
2025-02-04 03:17:23.387: [INFO][Sync] Stopped: Extension settings
2025-02-04 03:17:23.387: [INFO][Sync] Stopped: History Delete Directives
2025-02-04 03:17:23.387: [INFO][Sync] Stopped: Device Info
2025-02-04 03:17:23.387: [INFO][Sync] Stopped: User Consents
2025-02-04 03:17:23.387: [INFO][Sync] Stopped: Send Tab To Self
2025-02-04 03:17:23.387: [INFO][Sync] Stopped: Web Apps
2025-02-04 03:17:23.387: [INFO][Sync] Stopped: History
2025-02-04 03:17:23.387: [INFO][Sync] Stopped: Collection
2025-02-04 03:17:23.387: [INFO][Sync] Stopped: Edge E Drop
2025-02-04 03:17:23.387: [INFO][Sync] Stopped: Edge Hub App Usage
2025-02-04 03:17:23.387: [INFO][Sync] Stopped: Edge Tab Group
2025-02-04 03:17:23.387: [INFO][Sync] Stopped: Edge Wallet
2025-02-04 03:17:23.563: [INFO][Sync] Try to start sync engine
2025-02-04 03:17:23.564: [INFO][SyncManagerImpl::NudgeForInitialDownload] Initial download nudge for Encryption Keys
2025-02-04 03:17:23.564: [INFO][SyncEngineBackend::LoadAndConnectNigoriController] Load and connect Nigori controller
2025-02-04 03:17:23.564: [INFO][SyncEngineBackend::DoInitialize] Control Types added: Encryption Keys
2025-02-04 03:17:23.564: [INFO][SyncManagerImpl::ConfigureSyncer] Types to download: Encryption Keys with reason: 3
2025-02-04 03:17:23.564: [INFO][SyncSchedulerImpl::DoConfigurationSyncCycleJob] Configure job was blocked
2025-02-04 03:17:23.725: [INFO][SyncAuthManager::SetLastAuthError] Current auth error: None
2025-02-04 03:17:23.725: [INFO][SyncAuthManager::EdgeLogTokenErrorState] Token error with: None for account type: MSA
2025-02-04 03:17:23.725: [INFO][Sync] Credentials changed for: EdgeSyncScopeNew
2025-02-04 03:17:26.121: [INFO][SyncAuthManager::SetLastAuthError] Current auth error: None
2025-02-04 03:17:26.121: [INFO][SyncAuthManager::EdgeLogTokenErrorState] Token error with: None for account type: MSA
2025-02-04 03:17:26.121: [INFO][Sync] Credentials changed for: EdgeSyncKeyDataScope
2025-02-04 03:17:26.122: [INFO][SyncEngineBackend::DoUpdateKeyDataCredentials] Update key data credentials
2025-02-04 03:17:26.122: [INFO][SyncEngineBackend::DoUpdateCredentials] Update credentials
2025-02-04 03:17:26.122: [INFO][SyncSchedulerImpl::DoConfigurationSyncCycleJob] Blocked types:  and types to download: Encryption Keys
2025-02-04 03:17:27.501: [INFO][Sync] Started DataTypeManager configuration, reason: 4
2025-02-04 03:17:27.502: [INFO][Sync] Configuring for: Bookmarks, Preferences, Passwords, Autofill Profiles, Autofill, Extensions, Sessions, Extension settings, History Delete Directives, Device Info, User Consents, Send Tab To Self, Web Apps, History, Collection, Edge E Drop, Edge Hub App Usage, Edge Tab Group, Edge Wallet, Encryption Keys, reason: 3, current state: 0
2025-02-04 03:17:27.503: [INFO][Sync] Configure, desired: Bookmarks, Preferences, Extensions, Sessions, Extension settings, History Delete Directives, Device Info, User Consents, Send Tab To Self, Web Apps, History, Collection, Edge E Drop, Edge Hub App Usage, Edge Tab Group, Edge Wallet, Encryption Keys; Allow fail: Passwords, Autofill Profiles, Autofill
2025-02-04 03:17:27.503: [INFO][Sync] Loading: Bookmarks
2025-02-04 03:17:27.503: [INFO][Sync] Loading: Preferences
2025-02-04 03:17:27.503: [INFO][Sync] Loading: Extensions
2025-02-04 03:17:27.503: [INFO][Sync] Loading: Sessions
2025-02-04 03:17:27.503: [INFO][Sync] Loading: Extension settings
2025-02-04 03:17:27.503: [INFO][Sync] Loading: History Delete Directives
2025-02-04 03:17:27.503: [INFO][Sync] Loading: Device Info
2025-02-04 03:17:27.504: [INFO][Sync] Loading: User Consents
2025-02-04 03:17:27.504: [INFO][Sync] Loading: Send Tab To Self
2025-02-04 03:17:27.504: [INFO][Sync] Loading: Web Apps
2025-02-04 03:17:27.504: [INFO][Sync] Loading: History
2025-02-04 03:17:27.504: [INFO][Sync] Loading: Collection
2025-02-04 03:17:27.504: [INFO][Sync] Loading: Edge E Drop
2025-02-04 03:17:27.504: [INFO][Sync] Loading: Edge Hub App Usage
2025-02-04 03:17:27.504: [INFO][Sync] Loading: Edge Tab Group
2025-02-04 03:17:27.504: [INFO][Sync] Loading: Edge Wallet
2025-02-04 03:17:27.507: [INFO][Sync] All data types are ready for configure.
2025-02-04 03:17:28.062: [INFO][SyncEngineBackend::DoStartConfiguration] Start configuration
2025-02-04 03:17:28.062: [INFO][SyncManagerImpl::NudgeForInitialDownload] Initial download nudge for Bookmarks
2025-02-04 03:17:28.062: [INFO][SyncManagerImpl::NudgeForInitialDownload] Initial download nudge for Preferences
2025-02-04 03:17:28.062: [INFO][SyncManagerImpl::NudgeForInitialDownload] Initial download nudge for Extensions
2025-02-04 03:17:28.062: [INFO][SyncManagerImpl::NudgeForInitialDownload] Initial download nudge for Sessions
2025-02-04 03:17:28.062: [INFO][SyncManagerImpl::NudgeForInitialDownload] Initial download nudge for Extension settings
2025-02-04 03:17:28.062: [INFO][SyncManagerImpl::NudgeForInitialDownload] Initial download nudge for History Delete Directives
2025-02-04 03:17:28.062: [INFO][SyncManagerImpl::NudgeForInitialDownload] Initial download nudge for Device Info
2025-02-04 03:17:28.062: [INFO][SyncManagerImpl::NudgeForInitialDownload] Initial download nudge for Send Tab To Self
2025-02-04 03:17:28.062: [INFO][SyncManagerImpl::NudgeForInitialDownload] Initial download nudge for Web Apps
2025-02-04 03:17:28.062: [INFO][SyncManagerImpl::NudgeForInitialDownload] Initial download nudge for History
2025-02-04 03:17:28.063: [INFO][SyncManagerImpl::NudgeForInitialDownload] Initial download nudge for Collection
2025-02-04 03:17:28.063: [INFO][SyncManagerImpl::NudgeForInitialDownload] Initial download nudge for Edge E Drop
2025-02-04 03:17:28.063: [INFO][SyncManagerImpl::NudgeForInitialDownload] Initial download nudge for Edge Hub App Usage
2025-02-04 03:17:28.063: [INFO][SyncManagerImpl::NudgeForInitialDownload] Initial download nudge for Edge Tab Group
2025-02-04 03:17:28.063: [INFO][SyncManagerImpl::NudgeForInitialDownload] Initial download nudge for Edge Wallet
2025-02-04 03:17:28.063: [INFO][SyncManagerImpl::ConfigureSyncer] Types to download:  with reason: 3
2025-02-04 03:17:28.063: [INFO][SyncEngineBackend::DoFinishConfigureDataTypes] Failed to download types:  and succeeded types: 
2025-02-04 03:17:28.064: [INFO][Sync] Started DataTypeManager configuration, reason: 5
2025-02-04 03:17:28.064: [INFO][Sync] Configuring for: Bookmarks, Preferences, Passwords, Autofill Profiles, Autofill, Extensions, Sessions, Extension settings, History Delete Directives, Device Info, User Consents, Send Tab To Self, Web Apps, History, Collection, Edge E Drop, Edge Hub App Usage, Edge Tab Group, Edge Wallet, Encryption Keys, reason: 5, current state: 1
2025-02-04 03:17:28.066: [INFO][Sync] ConfigurationDone, failed: , succeeded: , remaining count: 4
2025-02-04 03:17:28.066: [WARN][Sync]     Reconfigure requested while configuration ongoing.
2025-02-04 03:17:28.066: [INFO][Sync] Configuring for: Bookmarks, Preferences, Passwords, Autofill Profiles, Autofill, Extensions, Sessions, Extension settings, History Delete Directives, Device Info, User Consents, Send Tab To Self, Web Apps, History, Collection, Edge E Drop, Edge Hub App Usage, Edge Tab Group, Edge Wallet, Encryption Keys, reason: 5, current state: 2
2025-02-04 03:17:28.066: [INFO][Sync] Configure, desired: Bookmarks, Preferences, Passwords, Autofill Profiles, Autofill, Extensions, Sessions, Extension settings, History Delete Directives, Device Info, User Consents, Send Tab To Self, Web Apps, History, Collection, Edge E Drop, Edge Hub App Usage, Edge Tab Group, Edge Wallet, Encryption Keys; Allow fail: 
2025-02-04 03:17:28.066: [INFO][Sync] Loading: Passwords
2025-02-04 03:17:28.066: [INFO][Sync] Loading: Autofill Profiles
2025-02-04 03:17:28.067: [INFO][Sync] Loading: Autofill
2025-02-04 03:17:28.067: [INFO][Sync] All data types are ready for configure.
2025-02-04 03:17:28.067: [INFO][SyncManagerImpl::NudgeForInitialDownload] Initial download nudge for Passwords
2025-02-04 03:17:28.067: [INFO][SyncManagerImpl::NudgeForInitialDownload] Initial download nudge for Autofill Profiles
2025-02-04 03:17:28.067: [INFO][SyncManagerImpl::NudgeForInitialDownload] Initial download nudge for Autofill
2025-02-04 03:17:28.067: [INFO][SyncManagerImpl::ConfigureSyncer] Types to download:  with reason: 5
2025-02-04 03:17:28.067: [INFO][SyncEngineBackend::DoFinishConfigureDataTypes] Failed to download types:  and succeeded types: 
2025-02-04 03:17:28.068: [INFO][Sync] ConfigurationDone, failed: , succeeded: , remaining count: 4
2025-02-04 03:17:28.068: [INFO][Sync] Prepare to configure types: Preferences, Passwords, Device Info, Send Tab To Self, Edge E Drop, Encryption Keys
2025-02-04 03:17:28.068: [INFO][SyncManagerImpl::ConfigureSyncer] Types to download: Preferences, Passwords, Device Info, Send Tab To Self, Edge E Drop, Encryption Keys with reason: 5
2025-02-04 03:17:28.068: [INFO][SyncSchedulerImpl::DoConfigurationSyncCycleJob] Blocked types:  and types to download: Preferences, Passwords, Device Info, Send Tab To Self, Edge E Drop, Encryption Keys
2025-02-04 03:17:30.001: [INFO][SyncEngineBackend::DoFinishConfigureDataTypes] Failed to download types:  and succeeded types: Preferences, Passwords, Device Info, Send Tab To Self, Edge E Drop, Encryption Keys
2025-02-04 03:17:30.016: [INFO][Sync] ConfigurationDone, failed: , succeeded: Preferences, Passwords, Device Info, Send Tab To Self, Edge E Drop, Encryption Keys, remaining count: 3
2025-02-04 03:17:30.016: [INFO][Sync] Prepare to configure types: Bookmarks, Encryption Keys
2025-02-04 03:17:30.016: [INFO][SyncManagerImpl::ConfigureSyncer] Types to download: Bookmarks, Encryption Keys with reason: 5
2025-02-04 03:17:30.016: [INFO][SyncSchedulerImpl::DoConfigurationSyncCycleJob] Blocked types:  and types to download: Bookmarks, Encryption Keys
2025-02-04 03:17:31.103: [INFO][SyncEngineBackend::DoFinishConfigureDataTypes] Failed to download types:  and succeeded types: Bookmarks, Encryption Keys
2025-02-04 03:17:31.265: [INFO][Sync] ConfigurationDone, failed: , succeeded: Bookmarks, Encryption Keys, remaining count: 2
2025-02-04 03:17:31.265: [INFO][Sync] Prepare to configure types: Autofill Profiles, Autofill, Extensions, Sessions, Extension settings, History Delete Directives, Web Apps, Collection, Edge Hub App Usage, Edge Tab Group, Edge Wallet, Encryption Keys
2025-02-04 03:17:31.265: [INFO][SyncManagerImpl::ConfigureSyncer] Types to download: Autofill Profiles, Autofill, Extensions, Sessions, Extension settings, History Delete Directives, Web Apps, Collection, Edge Hub App Usage, Edge Tab Group, Edge Wallet, Encryption Keys with reason: 5
2025-02-04 03:17:31.265: [INFO][SyncSchedulerImpl::DoConfigurationSyncCycleJob] Blocked types:  and types to download: Autofill Profiles, Autofill, Extensions, Sessions, Extension settings, History Delete Directives, Web Apps, Collection, Edge Hub App Usage, Edge Tab Group, Edge Wallet, Encryption Keys
2025-02-04 03:17:36.250: [INFO][SyncEngineBackend::DoFinishConfigureDataTypes] Failed to download types:  and succeeded types: Autofill Profiles, Autofill, Extensions, Sessions, Extension settings, History Delete Directives, Web Apps, Collection, Edge Hub App Usage, Edge Tab Group, Edge Wallet, Encryption Keys
2025-02-04 03:17:36.254: [INFO][Sync] ConfigurationDone, failed: , succeeded: Autofill Profiles, Autofill, Extensions, Sessions, Extension settings, History Delete Directives, Web Apps, Collection, Edge Hub App Usage, Edge Tab Group, Edge Wallet, Encryption Keys, remaining count: 1
2025-02-04 03:17:36.255: [INFO][Sync] Prepare to configure types: History, Encryption Keys
2025-02-04 03:17:36.258: [INFO][SyncManagerImpl::ConfigureSyncer] Types to download: History, Encryption Keys with reason: 5
2025-02-04 03:17:36.258: [INFO][SyncSchedulerImpl::DoConfigurationSyncCycleJob] Blocked types:  and types to download: History, Encryption Keys
2025-02-04 03:17:36.736: [INFO][SyncEngineBackend::DoFinishConfigureDataTypes] Failed to download types:  and succeeded types: History, Encryption Keys
2025-02-04 03:17:36.746: [INFO][Sync] ConfigurationDone, failed: , succeeded: History, Encryption Keys, remaining count: 0
2025-02-04 03:17:36.754: [INFO][Sync]     Configuration completed, state: 7
2025-02-04 03:17:36.754: [INFO][Sync] Configured DataTypeManager: Ok
2025-02-04 03:17:36.760: [INFO][SyncEngineBackend::DoStartSyncing] Start syncing
2025-02-04 03:37:58.850: [INFO][Sync] Reset engine, reason: 0
2025-02-04 03:37:58.850: [INFO][Sync] Reset engine with reason: 0
2025-02-04 03:38:15.650: [INFO][Sync] SyncState after authenticated was: FeatureCanStart
2025-02-04 03:38:16.160: [INFO][Sync] Try to start sync engine
2025-02-04 03:38:16.161: [INFO][SyncManagerImpl::NudgeForInitialDownload] Initial download nudge for Encryption Keys
2025-02-04 03:38:16.161: [INFO][SyncEngineBackend::LoadAndConnectNigoriController] Load and connect Nigori controller
2025-02-04 03:38:16.161: [INFO][SyncEngineBackend::DoInitialize] Control Types added: Encryption Keys
2025-02-04 03:38:16.162: [INFO][SyncManagerImpl::ConfigureSyncer] Types to download: Encryption Keys with reason: 3
2025-02-04 03:38:16.162: [INFO][SyncSchedulerImpl::DoConfigurationSyncCycleJob] Configure job was blocked
2025-02-04 03:38:16.226: [INFO][SyncAuthManager::SetLastAuthError] Current auth error: None
2025-02-04 03:38:16.226: [INFO][SyncAuthManager::EdgeLogTokenErrorState] Token error with: None for account type: MSA
2025-02-04 03:38:16.226: [INFO][Sync] Credentials changed for: EdgeSyncScopeNew
2025-02-04 03:38:17.606: [INFO][SyncAuthManager::SetLastAuthError] Current auth error: None
2025-02-04 03:38:17.606: [INFO][SyncAuthManager::EdgeLogTokenErrorState] Token error with: None for account type: MSA
2025-02-04 03:38:17.606: [INFO][Sync] Credentials changed for: EdgeSyncKeyDataScope
2025-02-04 03:38:17.606: [INFO][SyncEngineBackend::DoUpdateKeyDataCredentials] Update key data credentials
2025-02-04 03:38:17.606: [INFO][SyncEngineBackend::DoUpdateCredentials] Update credentials
2025-02-04 03:38:17.606: [INFO][SyncSchedulerImpl::DoConfigurationSyncCycleJob] Blocked types:  and types to download: Encryption Keys
2025-02-04 03:38:19.142: [INFO][Sync] Started DataTypeManager configuration, reason: 4
2025-02-04 03:38:19.142: [INFO][Sync] Configuring for: Bookmarks, Preferences, Passwords, Autofill Profiles, Autofill, Extensions, Sessions, Extension settings, History Delete Directives, Device Info, User Consents, Send Tab To Self, Web Apps, History, Collection, Edge E Drop, Edge Hub App Usage, Edge Tab Group, Edge Wallet, Encryption Keys, reason: 4, current state: 0
2025-02-04 03:38:19.147: [INFO][Sync] Configure, desired: Bookmarks, Preferences, Extensions, Sessions, Extension settings, History Delete Directives, Device Info, User Consents, Send Tab To Self, Web Apps, History, Collection, Edge E Drop, Edge Hub App Usage, Edge Tab Group, Edge Wallet, Encryption Keys; Allow fail: Passwords, Autofill Profiles, Autofill
2025-02-04 03:38:19.147: [INFO][Sync] Loading: Bookmarks
2025-02-04 03:38:19.147: [INFO][Sync] Loading: Preferences
2025-02-04 03:38:19.147: [INFO][Sync] Loading: Extensions
2025-02-04 03:38:19.147: [INFO][Sync] Loading: Sessions
2025-02-04 03:38:19.147: [INFO][Sync] Loading: Extension settings
2025-02-04 03:38:19.147: [INFO][Sync] Loading: History Delete Directives
2025-02-04 03:38:19.148: [INFO][Sync] Loading: Device Info
2025-02-04 03:38:19.148: [INFO][Sync] Loading: User Consents
2025-02-04 03:38:19.148: [INFO][Sync] Loading: Send Tab To Self
2025-02-04 03:38:19.148: [INFO][Sync] Loading: Web Apps
2025-02-04 03:38:19.148: [INFO][Sync] Loading: History
2025-02-04 03:38:19.148: [INFO][Sync] Loading: Collection
2025-02-04 03:38:19.148: [INFO][Sync] Loading: Edge E Drop
2025-02-04 03:38:19.148: [INFO][Sync] Loading: Edge Hub App Usage
2025-02-04 03:38:19.148: [INFO][Sync] Loading: Edge Tab Group
2025-02-04 03:38:19.148: [INFO][Sync] Loading: Edge Wallet
2025-02-04 03:38:19.161: [INFO][Sync] All data types are ready for configure.
2025-02-04 03:38:20.033: [INFO][SyncEngineBackend::DoStartConfiguration] Start configuration
2025-02-04 03:38:20.033: [INFO][SyncManagerImpl::ConfigureSyncer] Types to download:  with reason: 4
2025-02-04 03:38:20.033: [INFO][SyncEngineBackend::DoFinishConfigureDataTypes] Failed to download types:  and succeeded types: 
2025-02-04 03:38:20.033: [INFO][Sync] Started DataTypeManager configuration, reason: 5
2025-02-04 03:38:20.033: [INFO][Sync] Configuring for: Bookmarks, Preferences, Passwords, Autofill Profiles, Autofill, Extensions, Sessions, Extension settings, History Delete Directives, Device Info, User Consents, Send Tab To Self, Web Apps, History, Collection, Edge E Drop, Edge Hub App Usage, Edge Tab Group, Edge Wallet, Encryption Keys, reason: 5, current state: 1
2025-02-04 03:38:20.040: [INFO][Sync] ConfigurationDone, failed: , succeeded: , remaining count: 4
2025-02-04 03:38:20.040: [WARN][Sync]     Reconfigure requested while configuration ongoing.
2025-02-04 03:38:20.040: [INFO][Sync] Configuring for: Bookmarks, Preferences, Passwords, Autofill Profiles, Autofill, Extensions, Sessions, Extension settings, History Delete Directives, Device Info, User Consents, Send Tab To Self, Web Apps, History, Collection, Edge E Drop, Edge Hub App Usage, Edge Tab Group, Edge Wallet, Encryption Keys, reason: 5, current state: 2
2025-02-04 03:38:20.040: [INFO][Sync] Configure, desired: Bookmarks, Preferences, Passwords, Autofill Profiles, Autofill, Extensions, Sessions, Extension settings, History Delete Directives, Device Info, User Consents, Send Tab To Self, Web Apps, History, Collection, Edge E Drop, Edge Hub App Usage, Edge Tab Group, Edge Wallet, Encryption Keys; Allow fail: 
2025-02-04 03:38:20.040: [INFO][Sync] Loading: Passwords
2025-02-04 03:38:20.040: [INFO][Sync] Loading: Autofill Profiles
2025-02-04 03:38:20.040: [INFO][Sync] Loading: Autofill
2025-02-04 03:38:20.042: [INFO][Sync] All data types are ready for configure.
2025-02-04 03:38:20.042: [INFO][SyncManagerImpl::NudgeForInitialDownload] Initial download nudge for Passwords
2025-02-04 03:38:20.042: [INFO][SyncManagerImpl::ConfigureSyncer] Types to download:  with reason: 5
2025-02-04 03:38:20.042: [INFO][SyncEngineBackend::DoFinishConfigureDataTypes] Failed to download types:  and succeeded types: 
2025-02-04 03:38:20.042: [INFO][Sync] ConfigurationDone, failed: , succeeded: , remaining count: 4
2025-02-04 03:38:20.042: [INFO][Sync] Prepare to configure types: Passwords, Encryption Keys
2025-02-04 03:38:20.042: [INFO][SyncManagerImpl::ConfigureSyncer] Types to download: Passwords, Encryption Keys with reason: 5
2025-02-04 03:38:20.042: [INFO][SyncSchedulerImpl::DoConfigurationSyncCycleJob] Blocked types:  and types to download: Passwords, Encryption Keys
2025-02-04 03:38:20.770: [INFO][SyncEngineBackend::DoFinishConfigureDataTypes] Failed to download types:  and succeeded types: Passwords, Encryption Keys
2025-02-04 03:38:20.776: [INFO][Sync] ConfigurationDone, failed: , succeeded: Passwords, Encryption Keys, remaining count: 3
2025-02-04 03:38:20.776: [INFO][SyncManagerImpl::ConfigureSyncer] Types to download:  with reason: 5
2025-02-04 03:38:20.776: [INFO][SyncEngineBackend::DoFinishConfigureDataTypes] Failed to download types:  and succeeded types: 
2025-02-04 03:38:20.776: [INFO][Sync] ConfigurationDone, failed: , succeeded: , remaining count: 2
2025-02-04 03:38:20.776: [INFO][SyncManagerImpl::ConfigureSyncer] Types to download:  with reason: 5
2025-02-04 03:38:20.776: [INFO][SyncEngineBackend::DoFinishConfigureDataTypes] Failed to download types:  and succeeded types: 
2025-02-04 03:38:20.780: [INFO][Sync] ConfigurationDone, failed: , succeeded: , remaining count: 1
2025-02-04 03:38:20.785: [INFO][SyncManagerImpl::ConfigureSyncer] Types to download:  with reason: 5
2025-02-04 03:38:20.785: [INFO][SyncEngineBackend::DoFinishConfigureDataTypes] Failed to download types:  and succeeded types: 
2025-02-04 03:38:20.786: [INFO][Sync] ConfigurationDone, failed: , succeeded: , remaining count: 0
2025-02-04 03:38:20.792: [INFO][Sync]     Configuration completed, state: 7
2025-02-04 03:38:20.793: [INFO][Sync] Configured DataTypeManager: Ok
2025-02-04 03:38:20.799: [INFO][SyncEngineBackend::DoStartSyncing] Start syncing
2025-02-04 03:38:36.450: [INFO][Sync] Reset engine, reason: 0
2025-02-04 03:38:36.450: [INFO][Sync] Reset engine with reason: 0
2025-02-05 05:19:43.704: [INFO][Sync] SyncState after authenticated was: FeatureNotRequestedNotSetup
2025-02-05 05:19:44.015: [INFO][Sync] Try to start sync engine
2025-02-05 05:19:44.017: [INFO][SyncManagerImpl::NudgeForInitialDownload] Initial download nudge for Encryption Keys
2025-02-05 05:19:44.017: [INFO][SyncEngineBackend::LoadAndConnectNigoriController] Load and connect Nigori controller
2025-02-05 05:19:44.017: [INFO][SyncEngineBackend::DoInitialize] Control Types added: Encryption Keys
2025-02-05 05:19:44.017: [INFO][SyncManagerImpl::ConfigureSyncer] Types to download: Encryption Keys with reason: 3
2025-02-05 05:19:44.017: [INFO][SyncSchedulerImpl::DoConfigurationSyncCycleJob] Configure job was blocked
2025-02-05 05:19:44.149: [INFO][SyncAuthManager::SetLastAuthError] Current auth error: None
2025-02-05 05:19:44.149: [INFO][SyncAuthManager::EdgeLogTokenErrorState] Token error with: None for account type: MSA
2025-02-05 05:19:44.149: [INFO][Sync] Credentials changed for: EdgeSyncScopeNew
2025-02-05 05:20:27.565: [INFO][Sync] Reset engine, reason: 0
2025-02-05 05:20:27.565: [INFO][Sync] Reset engine with reason: 0
2025-02-05 05:20:59.529: [INFO][Sync] SyncState after authenticated was: FeatureNotRequestedNotSetup
2025-02-05 05:20:59.852: [INFO][Sync] Try to start sync engine
2025-02-05 05:20:59.854: [INFO][SyncManagerImpl::NudgeForInitialDownload] Initial download nudge for Encryption Keys
2025-02-05 05:20:59.854: [INFO][SyncEngineBackend::LoadAndConnectNigoriController] Load and connect Nigori controller
2025-02-05 05:20:59.854: [INFO][SyncEngineBackend::DoInitialize] Control Types added: Encryption Keys
2025-02-05 05:20:59.854: [INFO][SyncManagerImpl::ConfigureSyncer] Types to download: Encryption Keys with reason: 3
2025-02-05 05:20:59.855: [INFO][SyncSchedulerImpl::DoConfigurationSyncCycleJob] Configure job was blocked
2025-02-05 05:20:59.936: [INFO][SyncAuthManager::SetLastAuthError] Current auth error: None
2025-02-05 05:20:59.936: [INFO][SyncAuthManager::EdgeLogTokenErrorState] Token error with: None for account type: MSA
2025-02-05 05:20:59.936: [INFO][Sync] Credentials changed for: EdgeSyncScopeNew
2025-02-05 05:24:51.794: [INFO][Sync] Reset engine, reason: 0
2025-02-05 05:24:51.794: [INFO][Sync] Reset engine with reason: 0
2025-02-05 05:25:22.753: [INFO][Sync] SyncState after authenticated was: FeatureNotRequestedNotSetup
2025-02-05 05:25:23.037: [INFO][Sync] Try to start sync engine
2025-02-05 05:25:23.039: [INFO][SyncManagerImpl::NudgeForInitialDownload] Initial download nudge for Encryption Keys
2025-02-05 05:25:23.039: [INFO][SyncEngineBackend::LoadAndConnectNigoriController] Load and connect Nigori controller
2025-02-05 05:25:23.039: [INFO][SyncEngineBackend::DoInitialize] Control Types added: Encryption Keys
2025-02-05 05:25:23.039: [INFO][SyncManagerImpl::ConfigureSyncer] Types to download: Encryption Keys with reason: 3
2025-02-05 05:25:23.040: [INFO][SyncSchedulerImpl::DoConfigurationSyncCycleJob] Configure job was blocked
2025-02-05 05:25:23.190: [INFO][SyncAuthManager::SetLastAuthError] Current auth error: None
2025-02-05 05:25:23.190: [INFO][SyncAuthManager::EdgeLogTokenErrorState] Token error with: None for account type: MSA
2025-02-05 05:25:23.190: [INFO][Sync] Credentials changed for: EdgeSyncScopeNew
2025-02-05 05:27:00.219: [INFO][Sync] Reset engine, reason: 0
2025-02-08 16:48:10.415: [INFO][Sync] SyncState after authenticated was: FeatureNotRequestedNotSetup
2025-02-08 16:48:10.649: [INFO][Sync] Try to start sync engine
2025-02-08 16:48:10.651: [INFO][SyncManagerImpl::NudgeForInitialDownload] Initial download nudge for Encryption Keys
2025-02-08 16:48:10.651: [INFO][SyncEngineBackend::LoadAndConnectNigoriController] Load and connect Nigori controller
2025-02-08 16:48:10.651: [INFO][SyncEngineBackend::DoInitialize] Control Types added: Encryption Keys
2025-02-08 16:48:10.651: [INFO][SyncManagerImpl::ConfigureSyncer] Types to download: Encryption Keys with reason: 3
2025-02-08 16:48:10.652: [INFO][SyncSchedulerImpl::DoConfigurationSyncCycleJob] Configure job was blocked
2025-02-08 16:48:10.760: [INFO][SyncAuthManager::SetLastAuthError] Current auth error: None
2025-02-08 16:48:10.760: [INFO][SyncAuthManager::EdgeLogTokenErrorState] Token error with: None for account type: MSA
2025-02-08 16:48:10.760: [INFO][Sync] Credentials changed for: EdgeSyncScopeNew
2025-02-08 16:48:28.308: [INFO][Sync] Reset engine, reason: 0
2025-02-08 16:48:28.308: [INFO][Sync] Reset engine with reason: 0
